================================================================
== Design Size Report
================================================================

* Total Instructions per Compilation Phase
+---------------+-----------------------------+--------------+----------------------------------------------------------------------------------------+
| Phase         | Step                        | Instructions | Description                                                                            |
+---------------+-----------------------------+--------------+----------------------------------------------------------------------------------------+
| Compile/Link  |                             |    228       | After all functions are compiled and linked into a single design                       |
|               |                             |              |                                                                                        |
| Unroll/Inline |                             |              | After user unroll and inline pragmas are applied                                       |
|               | (1) unroll                  |  1,676       | user unroll pragmas are applied                                                        |
|               | (2) simplification          |  1,382       | simplification of applied user unroll pragmas                                          |
|               | (3) inline                  |  1,453       | user inline pragmas are applied                                                        |
|               | (4) simplification          |  1,453       | simplification of applied user inline pragmas                                          |
|               |                             |              |                                                                                        |
| Array/Struct  |                             |              | After user array partition and struct aggregate/disaggregate pragmas are applied       |
|               | (1) array partition         | 23,604       | user array partition pragmas are applied                                               |
|               | (2) simplification          | 44,751       | simplification of applied user array partition & struct aggregate/disaggregate pragmas |
|               | (3) aggregate/disaggregate  | 44,751       | user struct aggregate/disaggregate pragmas are applied                                 |
|               | (4) array reshape           | 44,751       | apply array reshape pragmas                                                            |
|               | (5) access patterns         | 58,036       | array access pattern optmizations                                                      |
|               |                             |              |                                                                                        |
| Performance   |                             |              | After transformations are applied to meet performance pragma targets                   |
|               | (1) loop simplification     | 58,036       | loop and instruction simplification                                                    |
|               | (2) parallelization         | 44,836       | loops are unrolled or pipelined to meet performance targets                            |
|               | (3) array partition         | 44,767       | arrays are partitioned to meet performance targets                                     |
|               | (4) simplification          | 44,767       | simplification of design after performance transformations                             |
|               |                             |              |                                                                                        |
| HW Transforms |                             |              | After hardware transfomations                                                          |
|               | (1) lowering                | 44,783       | initial conversion to HW specific instructions                                         |
|               | (2) optimizations           | 38,324       | high level synthesis optimizations                                                     |
+---------------+-----------------------------+--------------+----------------------------------------------------------------------------------------+

* Instructions per Function for each Compilation Phase
+------------------+-----------------------+--------------+---------------+--------------+-------------+---------------+
| Function         | Location              | Compile/Link | Unroll/Inline | Array/Struct | Performance | HW Transforms |
+------------------+-----------------------+--------------+---------------+--------------+-------------+---------------+
|   fitness_kernel | fitness_kernel.cpp:10 | 228          | 1,453         | 58,036       | 44,767      | 38,324        |
+------------------+-----------------------+--------------+---------------+--------------+-------------+---------------+

* Design Size Message Settings
+---------------------------------------------+--------+------------------------------------------------------------------+
| Message Setting                             | Value  | Description                                                      |
+---------------------------------------------+--------+------------------------------------------------------------------+
| config_compile -design_size_maximum_warning | 100000 | Show a warning when total design instructions exceeds this value |
+---------------------------------------------+--------+------------------------------------------------------------------+


