# 
# Steps log generated by v++
# This log file contains a collection of steps that describe the kernel compilation flow
# Note: Some steps are tagged as internal, these steps are for debugging purposes and 
#       are not expected to be able to run independently.
# 

# The following environment variables are set when running vitis-run
Environment variables :
------------------------------------------
ALLUSERSPROFILE=C:\ProgramData
APPDATA=C:\Users\abish\AppData\Roaming
arr.length=0
arr.Ubound=-1
CHARPOP=1
CMAKE_OBJECT_PATH_MAX=4096
CommonProgramFiles=C:\Program Files\Common Files
CommonProgramFiles(x86)=C:\Program Files (x86)\Common Files
CommonProgramW6432=C:\Program Files\Common Files
COMPUTERNAME=DESKTOP-286BNVL
ComSpec=C:\WINDOWS\system32\cmd.exe
DriverData=C:\Windows\System32\Drivers\DriverData
EFC_8108_1592913036=1
HDI_APPROOT=D:/Xilinx/Vitis/2024.2
HDI_PROCESSOR=i686
HOMEDRIVE=C:
HOMEPATH=\Users\abish
HW_SERVER_DJTG_DISABLE=1
HW_SERVER_FTDIMGR_DISABLE=1
IDE_SKIP_SERVER_LICENSE=1
IGCCSVC_DB=AQAAANCMnd8BFdERjHoAwE/Cl+sBAAAAcQLiL0pzsUui4xC7OBMUVwQAAAACAAAAAAAQZgAAAAEAACAAAACYGvM1ywFQUV5goSXgAk/nM+j12va6MUDL7JdwGUeXHAAAAAAOgAAAAAIAACAAAACAe888d8TMTHoDopNS5aBbWopeqHearkDh1gSKWI54/2AAAACVliIJ7yeJOVMfVoi3bSq4tjlr+VJn3fYydhjvbqiwJdoJhLebx7U+M+DxiBFUQIJfjbCjzjU0Si01ZnmRP2luK9vvV4h8WFtBewlUD9i+3h1pVjoif2CsMNBLegtBNC9AAAAAszbtlg3i+XjS8yEEIwTc/FpzPJXLX+qFbDKjCriE0LvCRwlRa2T1XQmTXky2686J2i604VY1blRJKMbUOid3BA==
INT_VARIABLE_NAME=XILINX_PATH
ISL_IOSTREAMS_RSA=D:/Xilinx/Vitis/2024.2/tps/isl
JAVA_EXE=D:/Xilinx\Vitis\2024.2\tps\win64\jre11.0.16_1\bin\java.exe
JAVA_HOME=D:/Xilinx\Vitis\2024.2\tps\win64\jre11.0.16_1
LC_NUMERIC=C
LOCALAPPDATA=C:\Users\abish\AppData\Local
LOGONSERVER=\\DESKTOP-286BNVL
LOPPER_DTC_FLAGS=-b 0 -@
NOSPLASH=false
NUMBER_OF_PROCESSORS=8
OneDrive=C:\Users\abish\OneDrive
OneDriveConsumer=C:\Users\abish\OneDrive
ORIGINAL_XDG_CURRENT_DESKTOP=undefined
OS=Windows_NT
PATH=D:/Xilinx/Vivado/2024.2/tps/win64/binutils-2.26/bin;D:/Xilinx/Vitis/2024.2/bin/../gnu/aarch64/nt/aarch64-linux/bin;D:/Xilinx/Vitis/2024.2/bin/../gnu/ppc64le/4.9.3/win64/bin;D:/Xilinx/Vitis/2024.2/bin/../gnu/aarch32/nt/gcc-arm-linux-gnueabi/bin;D:/Xilinx/Vitis/2024.2/tps/mingw/6.2.0/win64.o/nt/bin;D:/Xilinx/Vivado/2024.2\gnuwin\bin;D:/Xilinx/Vivado/2024.2\gnu\microblaze\nt\bin;D:/Xilinx/Vitis/2024.2/bin;D:/Xilinx/Vitis/2024.2/tps/win64/javafx-sdk-11.0.2/lib;D:/Xilinx/Vitis/2024.2/tps/win64/javafx-sdk-11.0.2/bin;D:/Xilinx/Vitis/2024.2/lib/win64.o;D:/Xilinx/Vitis/2024.2/tps/win64/jre11.0.16_1/bin/server;D:/Xilinx/Vitis/2024.2/tps/win64/jre11.0.16_1/bin;D:\Xilinx\Vitis\2024.2\tps\win64\lopper-1.1.0-packages\min_sdk\\usr\bin;D:/Xilinx\Vitis\2024.2\tps\win64\cmake-3.24.2\bin;D:/Xilinx\Vitis\2024.2\gnu\microblaze\nt\bin;D:/Xilinx\Vitis\2024.2\gnu\microblaze\linux_toolchain\nt64_le\bin;D:/Xilinx\Vitis\2024.2\gnu\aarch32\nt\gcc-arm-linux-gnueabi\bin;D:/Xilinx\Vitis\2024.2\gnu\aarch32\nt\gcc-arm-none-eabi\bin;D:/Xilinx\Vitis\2024.2\gnu\aarch64\nt\aarch64-linux\bin;D:/Xilinx\Vitis\2024.2\gnu\aarch64\nt\aarch64-none\bin;D:/Xilinx\Vitis\2024.2\gnu\armr5\nt\gcc-arm-none-eabi\bin;D:/Xilinx\Vitis\2024.2\gnuwin\bin;D:/Xilinx\Vitis\2024.2\tps\win64\python-3.8.3;D:/Xilinx\Vitis\2024.2\tps\win64\libxslt\bin;D:/Xilinx/Vivado/2024.2\bin;D:/Xilinx/Vitis/2024.2\gnu\arm\nt\bin;D:/Xilinx/Vitis/2024.2\gnu\microblaze\linux_toolchain\nt64_be\bin;D:/Xilinx/Vitis/2024.2\gnu\riscv\nt\riscv64-unknown-elf\bin;D:/Xilinx/Vivado/2024.2\tps\win64\python-3.8.3;D:/Xilinx/Vivado/2024.2\tps\win64\git-2.45.0\bin;D:/Xilinx/Vivado/2024.2\tps\win64\cmake-3.24.2\bin;D:/Xilinx/Vitis/2024.2\win64\tools\clang\bin;C:\Program Files (x86)\Common Files\Oracle\Java\java8path;C:\Program Files (x86)\Common Files\Oracle\Java\javapath;C:\WINDOWS\system32;C:\WINDOWS;C:\WINDOWS\System32\Wbem;C:\WINDOWS\System32\WindowsPowerShell\v1.0\;C:\WINDOWS\System32\OpenSSH\;C:\Program Files\dotnet\;C:\Program Files\Git\cmd;C:\msys64\ucrt64\bin;C:\Users\abish\AppData\Local\Programs\Microsoft VS Code\bin;C:\Users\abish\AppData\Local\Microsoft\WindowsApps;;D:/Xilinx/Vitis/2024.2\tps\mingw\6.2.0\win64.o\nt\bin;D:/Xilinx/Vitis/2024.2\tps\mingw\6.2.0\win64.o\nt\libexec\gcc\x86_64-w64-mingw32\6.2.0
PATHEXT=.COM;.EXE;.BAT;.CMD;.VBS;.VBE;.JS;.JSE;.WSF;.WSH;.MSC
PROCESSOR_ARCHITECTURE=AMD64
PROCESSOR_IDENTIFIER=Intel64 Family 6 Model 140 Stepping 1, GenuineIntel
PROCESSOR_LEVEL=6
PROCESSOR_REVISION=8c01
PRODVERSION_EXE=D:/Xilinx/Vitis/2024.2/bin/unwrapped/win64.o/prodversion.exe
ProgramData=C:\ProgramData
ProgramFiles=C:\Program Files
ProgramFiles(x86)=C:\Program Files (x86)
ProgramW6432=C:\Program Files
PROMPT=$P$G
PSModulePath=C:\Program Files\WindowsPowerShell\Modules;C:\WINDOWS\system32\WindowsPowerShell\v1.0\Modules
PT8HOME=D:\Cisco Packet Tracer 8.2.2
PUBLIC=C:\Users\Public
PYTHONPATH=;D:/Xilinx/Vitis/2024.2\cli;D:/Xilinx/Vitis/2024.2\cli\python-packages\win64;D:/Xilinx/Vitis/2024.2\cli\python-packages\site-packages;D:/Xilinx/Vitis/2024.2\cli\proto;D:/Xilinx/Vitis/2024.2\scripts\python_pkg;
python_path=;D:/Xilinx/Vitis/2024.2\cli;D:/Xilinx/Vitis/2024.2\cli\python-packages\win64;D:/Xilinx/Vitis/2024.2\cli\python-packages\site-packages;D:/Xilinx/Vitis/2024.2\cli\proto;D:/Xilinx/Vitis/2024.2\scripts\python_pkg;
RDI_APPROOT=D:/Xilinx/Vitis/2024.2
RDI_ARGS= --mode hls --csim --config D:\FPGA\fitness_function\fitness_hls\hls_config.cfg --work_dir fitness_hls
RDI_ARGS_FUNCTION=RDI_EXEC_DEFAULT
RDI_BASEROOT=D:/Xilinx/Vitis
RDI_BINDIR=D:/Xilinx/Vitis/2024.2/bin
RDI_BINROOT=D:/Xilinx/Vitis/2024.2/bin
RDI_BUILD=yes
RDI_CHECK_PROG=True
RDI_DATADIR=D:/Xilinx/Vitis/2024.2/data
RDI_INSTALLROOT=D:/Xilinx
RDI_INSTALLVER=2024.2
RDI_INSTALLVERSION=2024.2
RDI_JAVACEFROOT=D:/Xilinx/Vitis/2024.2/tps/win64/java-cef-95.0.4638.69
RDI_JAVAFXROOT=D:/Xilinx/Vitis/2024.2/tps/win64/javafx-sdk-11.0.2
RDI_JAVAROOT=D:/Xilinx/Vitis/2024.2/tps/win64/jre11.0.16_1
RDI_JAVA_VERSION=11.0.16_1
RDI_LIBDIR=D:/Xilinx/Vitis/2024.2/lib/win64.o
RDI_MINGW_LIB=D:/Xilinx/Vitis/2024.2\tps\mingw\6.2.0\win64.o\nt\bin;D:/Xilinx/Vitis/2024.2\tps\mingw\6.2.0\win64.o\nt\libexec\gcc\x86_64-w64-mingw32\6.2.0
RDI_OPT_EXT=.o
RDI_OS_ARCH=64
RDI_PLATFORM=win64
RDI_PREPEND_PATH=D:/Xilinx/Vitis/2024.2/bin
RDI_PROG=D:/Xilinx/Vitis/2024.2/bin/unwrapped/win64.o/vitis-run.exe
RDI_PROGNAME=vitis-run.exe
RDI_SESSION_INFO=D:\Xilinx\Vitis\2024.2\bin:DESKTOP-286BNVL-16-12-2025_15-46-36.98
RDI_SHARED_DATA=D:/Xilinx/SharedData/2024.2/data
RDI_TPS_ROOT=D:/Xilinx/Vivado/2024.2/tps/win64
RDI_USE_JDK11=1
RDI_VERBOSE=False
RT_LIBPATH=D:/Xilinx/Vitis/2024.2/scripts/rt/data
RT_TCL_PATH=D:/Xilinx/Vitis/2024.2/scripts/rt/base_tcl/tcl
SDKROOT=D:\Xilinx\Vitis\2024.2\tps\win64\lopper-1.1.0-packages\min_sdk\
SESSIONNAME=Console
session_string=D:\FPGA\fitness_function\fitness_hls:DESKTOP-286BNVL-16-12-2025_16-33-13.34
supports_classic_ide=false
SWIG_LIB=D:\Xilinx\Vitis\2024.2\tps\win64\lopper-1.1.0-packages\min_sdk\\usr\lib\swig\4.2.1
SYNTH_COMMON=D:/Xilinx/Vitis/2024.2/scripts/rt/data
SystemDrive=C:
SystemRoot=C:\WINDOWS
TCL_LIBRARY=D:/Xilinx/Vitis/2024.2/tps/tcl/tcl8.6
TCMALLOC_LARGE_ALLOC_REPORT_THRESHOLD=4294967296
TEMP=C:\Users\abish\AppData\Local\Temp
THEIA_APP_PROJECT_PATH=D:\Xilinx\Vitis\2024.2\ide\electron-app\win64\resources\app
THEIA_DEFAULT_PLUGINS=local-dir:D:\Xilinx\Vitis\2024.2\ide\electron-app\win64\resources\app\plugins
THEIA_ELECTRON_TOKEN={"value":"54e12993-bdf8-42e0-afa5-979fad5b5d56"}
THEIA_ELECTRON_VERSION=15.5.7
THEIA_PLUGINS=local-dir:C:\Users\abish\.theia\plugins
TMP=C:\Users\abish\AppData\Local\Temp
tooldir=tps\win64\git-2.41.0
TOOLS_CLANG=D:/Xilinx/Vitis/2024.2\win64\tools\clang
TPS_CMAKE=D:/Xilinx/Vivado/2024.2\tps\win64\cmake-3.24.2
TPS_GIT=D:/Xilinx/Vivado/2024.2\tps\win64\git-2.45.0
TPS_LIBXSLT=D:/Xilinx/Vitis/2024.2\tps\win64\libxslt
TPS_PYTHON=D:/Xilinx/Vivado/2024.2\tps\win64\python-3.8.3
USERDOMAIN=DESKTOP-286BNVL
USERDOMAIN_ROAMINGPROFILE=DESKTOP-286BNVL
USERNAME=abish
USERPROFILE=C:\Users\abish
VITISNEW=true
VITIS_HLS_INSTALL=true
VSCODE_API_VERSION=1.53.2
windir=C:\WINDOWS
XILINX_HLS=D:/Xilinx/Vitis/2024.2
XILINX_PLANAHEAD=D:/Xilinx/Vitis/2024.2
XILINX_SDK=D:/Xilinx/Vitis/2024.2
XILINX_VCXX=D:/Xilinx/Vitis/2024.2/vcxx
XILINX_VITIS=D:/Xilinx\Vitis\2024.2
XILINX_VITIS_GIT=D:/Xilinx/Vivado/2024.2\tps\win64\git-2.45.0\bin
XILINX_VITIS_HLS_ENCAPSULATED=1
XILINX_VITIS_VERSION=Vitis v2024.2 (64-bit)
XILINX_VIVADO=D:/Xilinx/Vivado/2024.2
XILINX_VIVADO_HLS=D:/Xilinx/Vivado/2024.2
XIL_CHECK_TCL_DEBUG=False
XIL_NO_OVERRIDE=0
XIL_SUPPRESS_OVERRIDE_WARNINGS=1
XVREDIST=D:/Xilinx/Vitis/2024.2\tps\win64\xvcredist.exe
ZES_ENABLE_SYSMAN=1
_RDI_BINROOT=D:\Xilinx\Vitis\2024.2\bin
_RDI_CWD=D:\FPGA\fitness_function\fitness_hls
_RDI_DONT_SET_XILINX_AS_PATH=True
_RDI_VERSION_PROG=vitis-run
_valid=False
XILINX_CD_CONNECT_ID=54395
XILINX_CD_SESSION=c31e596b-7b3c-46cb-bc30-b60c4750751f


VITIS-RUN command line:
------------------------------------------
D:/Xilinx/Vitis/2024.2/bin/unwrapped/win64.o/vitis-run.exe --mode hls --csim --config D:\FPGA\fitness_function\fitness_hls\hls_config.cfg --work_dir fitness_hls 

FINAL PROGRAM OPTIONS
--config D:\FPGA\fitness_function\fitness_hls\hls_config.cfg
--csim
--hls.flow_target vivado
--hls.package.output.format ip_catalog
--hls.package.output.syn false
--hls.syn.file D:/FPGA/Fitness_A/Fitness_A/Fitness_Accelerator/fitness_kernel_hls.cpp
--hls.tb.file D:/FPGA/Fitness_A/Fitness_A/Fitness_Accelerator/tb_fitness.cpp
--mode hls
--part xczu7ev-ffvc1156-2-e
--work_dir fitness_hls

PARSED COMMAND LINE OPTIONS
--mode hls 
--csim 
--config D:\FPGA\fitness_function\fitness_hls\hls_config.cfg 
--work_dir fitness_hls 

PARSED CONFIG FILE (1) OPTIONS
file: D:\FPGA\fitness_function\fitness_hls\hls_config.cfg
part xczu7ev-ffvc1156-2-e 
hls.flow_target vivado 
hls.package.output.format ip_catalog 
hls.package.output.syn false 
hls.syn.file D:/FPGA/Fitness_A/Fitness_A/Fitness_Accelerator/fitness_kernel_hls.cpp 
hls.tb.file D:/FPGA/Fitness_A/Fitness_A/Fitness_Accelerator/tb_fitness.cpp 


==========================================
new:  steps log generated by v++ for new launch 
timestamp: 16 Dec 2025 16:33:30

------------------------------------------
V++ command line :
------------------------------------------
D:/Xilinx/Vitis/2024.2/bin/unwrapped/win64.o/v++.exe -c --mode hls --config D:\FPGA\fitness_function\fitness_hls\hls_config.cfg --work_dir fitness_hls 
  Options from -O    : 
  Options from *.ini : 
  Options from Hw Platform : 

==========================================
new:  steps log generated by v++ for new launch 
timestamp: 16 Dec 2025 16:51:06

------------------------------------------
V++ command line :
------------------------------------------
D:/Xilinx/Vitis/2024.2/bin/unwrapped/win64.o/v++.exe -c --mode hls --config D:\FPGA\fitness_function\fitness_hls\hls_config.cfg --work_dir fitness_hls 
  Options from -O    : 
  Options from *.ini : 
  Options from Hw Platform : 

==========================================
new:  steps log generated by v++ for new launch 
timestamp: 16 Dec 2025 16:56:08

------------------------------------------
V++ command line :
------------------------------------------
D:/Xilinx/Vitis/2024.2/bin/unwrapped/win64.o/v++.exe -c --mode hls --config D:\FPGA\fitness_function\fitness_hls\hls_config.cfg --work_dir fitness_hls 
  Options from -O    : 
  Options from *.ini : 
  Options from Hw Platform : 

==========================================
new:  steps log generated by v++ for new launch 
timestamp: 16 Dec 2025 17:03:05

------------------------------------------
VITIS-RUN command line :
------------------------------------------
D:/Xilinx/Vitis/2024.2/bin/unwrapped/win64.o/vitis-run.exe --mode hls --cosim --config D:\FPGA\fitness_function\fitness_hls\hls_config.cfg --work_dir fitness_hls 
  Options from -O    : 
  Options from *.ini : 
  Options from Hw Platform : 

==========================================
new:  steps log generated by v++ for new launch 
timestamp: 16 Dec 2025 17:22:10

------------------------------------------
VITIS-RUN command line :
------------------------------------------
D:/Xilinx/Vitis/2024.2/bin/unwrapped/win64.o/vitis-run.exe --mode hls --cosim --config D:\FPGA\fitness_function\fitness_hls\hls_config.cfg --work_dir fitness_hls 
  Options from -O    : 
  Options from *.ini : 
  Options from Hw Platform : 

==========================================
new:  steps log generated by v++ for new launch 
timestamp: 16 Dec 2025 17:25:54

------------------------------------------
VITIS-RUN command line :
------------------------------------------
D:/Xilinx/Vitis/2024.2/bin/unwrapped/win64.o/vitis-run.exe --mode hls --package --config D:\FPGA\fitness_function\fitness_hls\hls_config.cfg --work_dir fitness_hls 
  Options from -O    : 
  Options from *.ini : 
  Options from Hw Platform : 

==========================================
new:  steps log generated by v++ for new launch 
timestamp: 16 Dec 2025 17:27:25

------------------------------------------
VITIS-RUN command line :
------------------------------------------
D:/Xilinx/Vitis/2024.2/bin/unwrapped/win64.o/vitis-run.exe --mode hls --impl --config D:\FPGA\fitness_function\fitness_hls\hls_config.cfg --work_dir fitness_hls 
  Options from -O    : 
  Options from *.ini : 
  Options from Hw Platform : 

==========================================
new:  steps log generated by v++ for new launch 
timestamp: 16 Dec 2025 17:31:20

------------------------------------------
VITIS-RUN command line :
------------------------------------------
D:/Xilinx/Vitis/2024.2/bin/unwrapped/win64.o/vitis-run.exe --mode hls --package --config D:\FPGA\fitness_function\fitness_hls\hls_config.cfg --work_dir fitness_hls 
  Options from -O    : 
  Options from *.ini : 
  Options from Hw Platform : 

==========================================
new:  steps log generated by v++ for new launch 
timestamp: 16 Dec 2025 17:44:32

------------------------------------------
VITIS-RUN command line :
------------------------------------------
D:/Xilinx/Vitis/2024.2/bin/unwrapped/win64.o/vitis-run.exe --mode hls --csim --config D:\FPGA\fitness_function\fitness_hls\hls_config.cfg --work_dir fitness_hls 
  Options from -O    : 
  Options from *.ini : 
  Options from Hw Platform : 

==========================================
new:  steps log generated by v++ for new launch 
timestamp: 22 Dec 2025 14:50:17

------------------------------------------
VITIS-RUN command line :
------------------------------------------
D:/Xilinx/Vitis/2024.2/bin/unwrapped/win64.o/vitis-run.exe --mode hls --csim --config D:\FPGA\fitness_function\fitness_hls\hls_config.cfg --work_dir fitness_hls 
  Options from -O    : 
  Options from *.ini : 
  Options from Hw Platform : 

==========================================
new:  steps log generated by v++ for new launch 
timestamp: 22 Dec 2025 14:54:45

------------------------------------------
VITIS-RUN command line :
------------------------------------------
D:/Xilinx/Vitis/2024.2/bin/unwrapped/win64.o/vitis-run.exe --mode hls --csim --config D:\FPGA\fitness_function\fitness_hls\hls_config.cfg --work_dir fitness_hls 
  Options from -O    : 
  Options from *.ini : 
  Options from Hw Platform : 

==========================================
new:  steps log generated by v++ for new launch 
timestamp: 22 Dec 2025 14:57:57

------------------------------------------
VITIS-RUN command line :
------------------------------------------
D:/Xilinx/Vitis/2024.2/bin/unwrapped/win64.o/vitis-run.exe --mode hls --csim --config D:\FPGA\fitness_function\fitness_hls\hls_config.cfg --work_dir fitness_hls 
  Options from -O    : 
  Options from *.ini : 
  Options from Hw Platform : 

==========================================
new:  steps log generated by v++ for new launch 
timestamp: 22 Dec 2025 15:00:09

------------------------------------------
VITIS-RUN command line :
------------------------------------------
D:/Xilinx/Vitis/2024.2/bin/unwrapped/win64.o/vitis-run.exe --mode hls --csim --config D:\FPGA\fitness_function\fitness_hls\hls_config.cfg --work_dir fitness_hls 
  Options from -O    : 
  Options from *.ini : 
  Options from Hw Platform : 

==========================================
new:  steps log generated by v++ for new launch 
timestamp: 22 Dec 2025 17:02:05

------------------------------------------
VITIS-RUN command line :
------------------------------------------
D:/Xilinx/Vitis/2024.2/bin/unwrapped/win64.o/vitis-run.exe --mode hls --csim --config D:\FPGA\fitness_function\fitness_hls\hls_config.cfg --work_dir fitness_hls 
  Options from -O    : 
  Options from *.ini : 
  Options from Hw Platform : 

==========================================
new:  steps log generated by v++ for new launch 
timestamp: 22 Dec 2025 17:13:36

------------------------------------------
VITIS-RUN command line :
------------------------------------------
D:/Xilinx/Vitis/2024.2/bin/unwrapped/win64.o/vitis-run.exe --mode hls --csim --config D:\FPGA\fitness_function\fitness_hls\hls_config.cfg --work_dir fitness_hls 
  Options from -O    : 
  Options from *.ini : 
  Options from Hw Platform : 

==========================================
new:  steps log generated by v++ for new launch 
timestamp: 22 Dec 2025 17:22:15

------------------------------------------
VITIS-RUN command line :
------------------------------------------
D:/Xilinx/Vitis/2024.2/bin/unwrapped/win64.o/vitis-run.exe --mode hls --csim --config D:\FPGA\fitness_function\fitness_hls\hls_config.cfg --work_dir fitness_hls 
  Options from -O    : 
  Options from *.ini : 
  Options from Hw Platform : 

==========================================
new:  steps log generated by v++ for new launch 
timestamp: 22 Dec 2025 17:30:03

------------------------------------------
V++ command line :
------------------------------------------
D:/Xilinx/Vitis/2024.2/bin/unwrapped/win64.o/v++.exe -c --mode hls --config D:\FPGA\fitness_function\fitness_hls\hls_config.cfg --work_dir fitness_hls 
  Options from -O    : 
  Options from *.ini : 
  Options from Hw Platform : 

==========================================
new:  steps log generated by v++ for new launch 
timestamp: 22 Dec 2025 17:31:07

------------------------------------------
VITIS-RUN command line :
------------------------------------------
D:/Xilinx/Vitis/2024.2/bin/unwrapped/win64.o/vitis-run.exe --mode hls --csim --config D:\FPGA\fitness_function\fitness_hls\hls_config.cfg --work_dir fitness_hls 
  Options from -O    : 
  Options from *.ini : 
  Options from Hw Platform : 

==========================================
new:  steps log generated by v++ for new launch 
timestamp: 22 Dec 2025 20:09:04

------------------------------------------
VITIS-RUN command line :
------------------------------------------
D:/Xilinx/Vitis/2024.2/bin/unwrapped/win64.o/vitis-run.exe --mode hls --csim --config D:\FPGA\fitness_function\fitness_hls\hls_config.cfg --work_dir fitness_hls 
  Options from -O    : 
  Options from *.ini : 
  Options from Hw Platform : 

==========================================
new:  steps log generated by v++ for new launch 
timestamp: 30 Dec 2025 17:45:34

------------------------------------------
VITIS-RUN command line :
------------------------------------------
D:/Xilinx/Vitis/2024.2/bin/unwrapped/win64.o/vitis-run.exe --mode hls --csim --config D:\FPGA\fitness_function\fitness_hls\hls_config.cfg --work_dir fitness_hls 
  Options from -O    : 
  Options from *.ini : 
  Options from Hw Platform : 

==========================================
new:  steps log generated by v++ for new launch 
timestamp: 30 Dec 2025 18:47:15

------------------------------------------
VITIS-RUN command line :
------------------------------------------
D:/Xilinx/Vitis/2024.2/bin/unwrapped/win64.o/vitis-run.exe --mode hls --csim --config D:\FPGA\fitness_function\fitness_hls\hls_config.cfg --work_dir fitness_hls 
  Options from -O    : 
  Options from *.ini : 
  Options from Hw Platform : 

==========================================
new:  steps log generated by v++ for new launch 
timestamp: 30 Dec 2025 18:49:50

------------------------------------------
VITIS-RUN command line :
------------------------------------------
D:/Xilinx/Vitis/2024.2/bin/unwrapped/win64.o/vitis-run.exe --mode hls --csim --config D:\FPGA\fitness_function\fitness_hls\hls_config.cfg --work_dir fitness_hls 
  Options from -O    : 
  Options from *.ini : 
  Options from Hw Platform : 

==========================================
new:  steps log generated by v++ for new launch 
timestamp: 30 Dec 2025 19:08:30
