  **** HLS Build v2024.2 5238294
INFO: [HLS 200-2005] Using work_dir D:/FPGA/fitness_function/fitness_hls/fitness_hls 
INFO: [HLS 200-1505] Using default flow_target 'vivado'
Resolution: For help on HLS 200-1505 see docs.xilinx.com/access/sources/dita/topic?Doc_Version=2024.2%20English&url=ug1448-hls-guidance&resourceid=200-1505.html
INFO: [HLS 200-1465] Applying ini 'syn.file=D:\FPGA\fitness_function\fitness_hls\fitness_kernel.cpp' from D:/FPGA/fitness_function/fitness_hls/hls_config.cfg(9)
INFO: [HLS 200-10] Adding design file 'D:/FPGA/fitness_function/fitness_hls/fitness_kernel.cpp' to the project
INFO: [HLS 200-1465] Applying ini 'tb.file=D:/FPGA/Fitness_A/Fitness_A/Fitness_Accelerator/tb_fitness.cpp' from D:/FPGA/fitness_function/fitness_hls/hls_config.cfg(7)
INFO: [HLS 200-10] Adding test bench file 'D:/FPGA/Fitness_A/Fitness_A/Fitness_Accelerator/tb_fitness.cpp' to the project
INFO: [HLS 200-1465] Applying ini 'syn.top=fitness_kernel' from D:/FPGA/fitness_function/fitness_hls/hls_config.cfg(8)
INFO: [HLS 200-1465] Applying ini 'flow_target=vivado' from D:/FPGA/fitness_function/fitness_hls/hls_config.cfg(4)
INFO: [HLS 200-1505] Using flow_target 'vivado'
Resolution: For help on HLS 200-1505 see docs.xilinx.com/access/sources/dita/topic?Doc_Version=2024.2%20English&url=ug1448-hls-guidance&resourceid=200-1505.html
INFO: [HLS 200-1465] Applying ini 'part=xczu7ev-ffvc1156-2-e' from D:/FPGA/fitness_function/fitness_hls/hls_config.cfg(1)
INFO: [HLS 200-1611] Setting target device to 'xczu7ev-ffvc1156-2-e'
INFO: [HLS 200-1465] Applying ini 'package.output.format=ip_catalog' from D:/FPGA/fitness_function/fitness_hls/hls_config.cfg(5)
INFO: [SIM 211-2] *************** CSIM start ***************
INFO: [SIM 211-4] CSIM will launch CLANG as the compiler.
INFO: [HLS 200-2036] Building debug C Simulation binaries
   Compiling ../../../../../../Fitness_A/Fitness_A/Fitness_Accelerator/tb_fitness.cpp in debug mode
   Compiling ../../../../fitness_kernel.cpp in debug mode
   Generating csim.exe
In file included from ../../../../fitness_kernel.cpp:2:
In file included from D:/Xilinx/Vitis/2024.2/include/ap_int.h:10:
In file included from D:/Xilinx/Vitis/2024.2/include/etc/ap_common.h:658:
In file included from D:/Xilinx/Vitis/2024.2/include/etc/ap_private.h:68:
In file included from D:/Xilinx/Vitis/2024.2/include/hls_half.h:26:
In file included from D:/Xilinx/Vitis/2024.2/include/etc/hls_half_fpo.h:19:
In file included from D:/Xilinx/Vitis/2024.2/include/hls_fpo.h:140:
In file included from D:/Xilinx/Vitis/2024.2/include/floating_point_v7_1_bitacc_cmodel.h:150:
D:/Xilinx/Vitis/2024.2/include/gmp.h:58:9: warning: '__GMP_LIBGMP_DLL' macro redefined [-Wmacro-redefined]
#define __GMP_LIBGMP_DLL  0
        ^
D:/Xilinx/Vitis/2024.2/include/floating_point_v7_1_bitacc_cmodel.h:142:9: note: previous definition is here
#define __GMP_LIBGMP_DLL 1
        ^
1 warning generated.
ERROR [HLS SIM]: an hls::stream is read while empty, which may result in RTL simulation hanging.
If this is not expected, execute C simulation in debug mode in the GUI and examine the source code location of the blocked hls::stream::read() call to debug.
If this is expected, add -DALLOW_EMPTY_HLS_STREAM_READS to -cflags to turn this error into a warning and allow empty hls::stream reads to return the default value for the data type.
@E Simulation failed: Function 'main' returns nonzero value '3'.
ERROR: [SIM 211-100] 'csim_design' failed: nonzero return value.
INFO: [SIM 211-3] *************** CSIM finish ***************
ERROR: 4
INFO: [HLS 200-112] Total CPU user time: 4 seconds. Total CPU system time: 2 seconds. Total elapsed time: 38.223 seconds; peak allocated memory: 162.938 MB.
