  **** HLS Build v2024.2 5238294
INFO: [HLS 200-2005] Using work_dir D:/FPGA/fitness_function/fitness_hls/fitness_hls 
INFO: [HLS 200-1505] Using default flow_target 'vivado'
Resolution: For help on HLS 200-1505 see docs.xilinx.com/access/sources/dita/topic?Doc_Version=2024.2%20English&url=ug1448-hls-guidance&resourceid=200-1505.html
WARNING: [HLS 200-2001] file not found 'fitness_function_top.cppfitness_function_top.cpp' see [hls] from D:/FPGA/fitness_function/fitness_hls/hls_config.cfg(9)
INFO: [HLS 200-1465] Applying ini 'syn.file=D:/FPGA/Fitness_A/Fitness_A/Fitness_Accelerator/fitness_kernel_hls.cpp' from D:/FPGA/fitness_function/fitness_hls/hls_config.cfg(8)
INFO: [HLS 200-10] Adding design file 'D:/FPGA/Fitness_A/Fitness_A/Fitness_Accelerator/fitness_kernel_hls.cpp' to the project
INFO: [HLS 200-1465] Applying ini 'syn.file=fitness_function_top.cppfitness_function_top.cpp' from D:/FPGA/fitness_function/fitness_hls/hls_config.cfg(9)
WARNING: [HLS 200-40] Cannot find design file 'fitness_function_top.cppfitness_function_top.cpp'
INFO: [HLS 200-1465] Applying ini 'syn.file=fintess_kernel_top.cpp' from D:/FPGA/fitness_function/fitness_hls/hls_config.cfg(10)
INFO: [HLS 200-10] Adding design file 'D:/FPGA/fitness_function/fitness_hls/fintess_kernel_top.cpp' to the project
INFO: [HLS 200-1465] Applying ini 'tb.file=D:/FPGA/Fitness_A/Fitness_A/Fitness_Accelerator/tb_fitness.cpp' from D:/FPGA/fitness_function/fitness_hls/hls_config.cfg(7)
INFO: [HLS 200-10] Adding test bench file 'D:/FPGA/Fitness_A/Fitness_A/Fitness_Accelerator/tb_fitness.cpp' to the project
INFO: [HLS 200-1465] Applying ini 'syn.top=fitness_kernel_top.cpp' from D:/FPGA/fitness_function/fitness_hls/hls_config.cfg(11)
INFO: [HLS 200-1465] Applying ini 'flow_target=vivado' from D:/FPGA/fitness_function/fitness_hls/hls_config.cfg(4)
INFO: [HLS 200-1505] Using flow_target 'vivado'
Resolution: For help on HLS 200-1505 see docs.xilinx.com/access/sources/dita/topic?Doc_Version=2024.2%20English&url=ug1448-hls-guidance&resourceid=200-1505.html
INFO: [HLS 200-1465] Applying ini 'part=xczu7ev-ffvc1156-2-e' from D:/FPGA/fitness_function/fitness_hls/hls_config.cfg(1)
INFO: [HLS 200-1611] Setting target device to 'xczu7ev-ffvc1156-2-e'
INFO: [HLS 200-1465] Applying ini 'package.output.format=ip_catalog' from D:/FPGA/fitness_function/fitness_hls/hls_config.cfg(5)
WARNING: [HLS 200-40] Cannot find source file fitness_function_top.cppfitness_function_top.cpp; skipping it.
INFO: [HLS 200-111] Finished File checks and directory preparation: CPU user time: 5 seconds. CPU system time: 1 seconds. Elapsed time: 19.316 seconds; current allocated memory: 162.316 MB.
INFO: [HLS 200-10] Analyzing design file 'fintess_kernel_top.cpp' ... 
INFO: [HLS 200-10] Analyzing design file 'D:/FPGA/Fitness_A/Fitness_A/Fitness_Accelerator/fitness_kernel_hls.cpp' ... 
WARNING: [HLS 200-1986] Could not apply TOP directive, invalid function, label, or variable (:0)
INFO: [HLS 200-111] Finished Source Code Analysis and Preprocessing: CPU user time: 5 seconds. CPU system time: 1 seconds. Elapsed time: 159.934 seconds; current allocated memory: 167.133 MB.
ERROR: [HLS 214-157] Top function not found: there is no function named 'fitness_kernel_top.cpp'
error: Top function not found: there is no function named 'fitness_kernel_top.cpp'
ERROR: Error in opt
INFO: [HLS 200-112] Total CPU user time: 10 seconds. Total CPU system time: 2 seconds. Total elapsed time: 187.996 seconds; peak allocated memory: 167.133 MB.
