  **** HLS Build v2024.2 5238294
INFO: [HLS 200-2005] Using work_dir D:/FPGA/fitness_function/fitness_hls/fitness_hls 
INFO: [HLS 200-1505] Using default flow_target 'vivado'
Resolution: For help on HLS 200-1505 see docs.xilinx.com/access/sources/dita/topic?Doc_Version=2024.2%20English&url=ug1448-hls-guidance&resourceid=200-1505.html
INFO: [HLS 200-1465] Applying ini 'syn.file=D:/FPGA/Fitness_A/Fitness_A/Fitness_Accelerator/fitness_kernel_hls.cpp' from D:/FPGA/fitness_function/fitness_hls/hls_config.cfg(7)
INFO: [HLS 200-10] Adding design file 'D:/FPGA/Fitness_A/Fitness_A/Fitness_Accelerator/fitness_kernel_hls.cpp' to the project
INFO: [HLS 200-1465] Applying ini 'tb.file=D:/FPGA/Fitness_A/Fitness_A/Fitness_Accelerator/tb_fitness.cpp' from D:/FPGA/fitness_function/fitness_hls/hls_config.cfg(8)
INFO: [HLS 200-10] Adding test bench file 'D:/FPGA/Fitness_A/Fitness_A/Fitness_Accelerator/tb_fitness.cpp' to the project
INFO: [HLS 200-1465] Applying ini 'flow_target=vivado' from D:/FPGA/fitness_function/fitness_hls/hls_config.cfg(4)
INFO: [HLS 200-1505] Using flow_target 'vivado'
Resolution: For help on HLS 200-1505 see docs.xilinx.com/access/sources/dita/topic?Doc_Version=2024.2%20English&url=ug1448-hls-guidance&resourceid=200-1505.html
INFO: [HLS 200-1465] Applying ini 'part=xczu7ev-ffvc1156-2-e' from D:/FPGA/fitness_function/fitness_hls/hls_config.cfg(1)
INFO: [HLS 200-1611] Setting target device to 'xczu7ev-ffvc1156-2-e'
INFO: [HLS 200-1465] Applying ini 'package.output.format=ip_catalog' from D:/FPGA/fitness_function/fitness_hls/hls_config.cfg(5)
INFO: [SIM 211-2] *************** CSIM start ***************
INFO: [SIM 211-4] CSIM will launch CLANG as the compiler.
INFO: [HLS 200-2036] Building debug C Simulation binaries
   Compiling ../../../../../../Fitness_A/Fitness_A/Fitness_Accelerator/tb_fitness.cpp in debug mode
   Compiling ../../../../../../Fitness_A/Fitness_A/Fitness_Accelerator/fitness_kernel_hls.cpp in debug mode
   Generating csim.exe
In file included from ../../../../../../Fitness_A/Fitness_A/Fitness_Accelerator/fitness_kernel_hls.cpp:3:
In file included from D:/Xilinx/Vitis/2024.2/include/ap_int.h:10:
In file included from D:/Xilinx/Vitis/2024.2/include/etc/ap_common.h:658:
In file included from D:/Xilinx/Vitis/2024.2/include/etc/ap_private.h:68:
In file included from D:/Xilinx/Vitis/2024.2/include/hls_half.h:26:
In file included from D:/Xilinx/Vitis/2024.2/include/etc/hls_half_fpo.h:19:
In file included from D:/Xilinx/Vitis/2024.2/include/hls_fpo.h:140:
In file included from D:/Xilinx/Vitis/2024.2/include/floating_point_v7_1_bitacc_cmodel.h:150:
D:/Xilinx/Vitis/2024.2/include/gmp.h:58:9: warning: '__GMP_LIBGMP_DLL' macro redefined [-Wmacro-redefined]
#define __GMP_LIBGMP_DLL  0
        ^
D:/Xilinx/Vitis/2024.2/include/floating_point_v7_1_bitacc_cmodel.h:142:9: note: previous definition is here
#define __GMP_LIBGMP_DLL 1
        ^
1 warning generated.
HW: 2.7
SW: 2.7
TEST PASSED
INFO [HLS SIM]: The maximum depth reached by any hls::stream() instance in the design is 5
INFO: [SIM 211-1] CSim done with 0 errors.
INFO: [SIM 211-3] *************** CSIM finish ***************
INFO: [HLS 200-112] Total CPU user time: 4 seconds. Total CPU system time: 2 seconds. Total elapsed time: 62.296 seconds; peak allocated memory: 162.594 MB.
INFO: [vitis-run 60-791] Total elapsed time: 0h 1m 14s
