12/16/25 16:33:28: Running xcd server. This server was built by gradle.
12/16/25 16:33:28: Server was asked to start on port: '54395'
12/16/25 16:33:28: Server is using token UUID: '3c1e189c-6013-4c8e-b73e-3952fa1192d2'
12/16/25 16:33:28: SESSION_MGR: creating session with session uuid: '6d04a3e9-ade5-4ab9-8d63-1f78fcd2ec76' and name 'default'
12/16/25 16:33:28: Attempting to start server on port '54395'
12/16/25 16:33:28: Running Dispatch Server
12/16/25 16:33:28: Version 2.2.0
12/16/25 16:33:29: Dispatch Server: Accepted socket connection from client
12/16/25 16:33:29: Starting Socket connection
12/16/25 16:33:29: EXCHANGE_TOKEN received, server token: 3c1e189c-6013-4c8e-b73e-3952fa1192d2, passed token: 3c1e189c-6013-4c8e-b73e-3952fa1192d2
12/16/25 16:33:30: DISPATCH_HANDLER: Adding handler from function makeHandler in library xv_system_diagram
12/16/25 16:33:30: SESSION_MGR: creating session with session uuid: 'c31e596b-7b3c-46cb-bc30-b60c4750751f' and name 'vitis-run_compile_fitness_hls'
12/16/25 16:33:30: KERNEL_SVC: creating session with uuid: 'c31e596b-7b3c-46cb-bc30-b60c4750751f' and name 'vitis-run_compile_fitness_hls'
12/16/25 16:33:30: GUIDANCE_SMGR: creating guidance session with uuid: 'c31e596b-7b3c-46cb-bc30-b60c4750751f' and name 'vitis-run_compile_fitness_hls'
12/16/25 16:33:30: SYSTEM_DIAGRAM: creating session with uuid: 'c31e596b-7b3c-46cb-bc30-b60c4750751f' and name 'vitis-run_compile_fitness_hls'
12/16/25 16:33:57: Dispatch Server: Accepted socket connection from client
12/16/25 16:33:57: Starting Socket connection
12/16/25 16:34:41: SESSION_MGR: closing session for UUID 'c31e596b-7b3c-46cb-bc30-b60c4750751f' with name 'vitis-run_compile_fitness_hls'
12/16/25 16:34:41: KERNEL_SVC: closing session for UUID 'c31e596b-7b3c-46cb-bc30-b60c4750751f' with name 'vitis-run_compile_fitness_hls'
12/16/25 16:34:41: GUIDANCE_SMGR: closing session for UUID 'c31e596b-7b3c-46cb-bc30-b60c4750751f' with name 'vitis-run_compile_fitness_hls'
12/16/25 16:34:41: SYSTEM_DIAGRAM: closing session for UUID 'c31e596b-7b3c-46cb-bc30-b60c4750751f' with name 'vitis-run_compile_fitness_hls'
12/16/25 16:34:41: STOP_SERVER received, server token: 3c1e189c-6013-4c8e-b73e-3952fa1192d2, passed token: 3c1e189c-6013-4c8e-b73e-3952fa1192d2
12/16/25 16:34:41: Socket received request to stop server.
12/16/25 16:34:41: Dispatch Server: do_await_stop
12/16/25 16:34:41: SERVER: destructor for server bound to port 54395
12/16/25 16:51:05: Running xcd server. This server was built by gradle.
12/16/25 16:51:05: Server was asked to start on port: '51247'
12/16/25 16:51:05: Server is using token UUID: '87da7098-a13d-48c7-93e7-d4157ae654e7'
12/16/25 16:51:05: SESSION_MGR: creating session with session uuid: '6d04a3e9-ade5-4ab9-8d63-1f78fcd2ec76' and name 'default'
12/16/25 16:51:05: Attempting to start server on port '51247'
12/16/25 16:51:05: Running Dispatch Server
12/16/25 16:51:05: Version 2.2.0
12/16/25 16:51:05: Dispatch Server: Accepted socket connection from client
12/16/25 16:51:05: Starting Socket connection
12/16/25 16:51:05: EXCHANGE_TOKEN received, server token: 87da7098-a13d-48c7-93e7-d4157ae654e7, passed token: 87da7098-a13d-48c7-93e7-d4157ae654e7
12/16/25 16:51:06: DISPATCH_HANDLER: Adding handler from function makeHandler in library xv_system_diagram
12/16/25 16:51:06: SESSION_MGR: creating session with session uuid: 'd1badcdb-db97-4b2b-b4da-54b8f78193be' and name 'v++_compile_fitness_hls'
12/16/25 16:51:06: KERNEL_SVC: creating session with uuid: 'd1badcdb-db97-4b2b-b4da-54b8f78193be' and name 'v++_compile_fitness_hls'
12/16/25 16:51:06: GUIDANCE_SMGR: creating guidance session with uuid: 'd1badcdb-db97-4b2b-b4da-54b8f78193be' and name 'v++_compile_fitness_hls'
12/16/25 16:51:06: SYSTEM_DIAGRAM: creating session with uuid: 'd1badcdb-db97-4b2b-b4da-54b8f78193be' and name 'v++_compile_fitness_hls'
12/16/25 16:51:36: Dispatch Server: Accepted socket connection from client
12/16/25 16:51:36: Starting Socket connection
12/16/25 16:54:29: SESSION_MGR: closing session for UUID 'd1badcdb-db97-4b2b-b4da-54b8f78193be' with name 'v++_compile_fitness_hls'
12/16/25 16:54:29: KERNEL_SVC: closing session for UUID 'd1badcdb-db97-4b2b-b4da-54b8f78193be' with name 'v++_compile_fitness_hls'
12/16/25 16:54:29: GUIDANCE_SMGR: closing session for UUID 'd1badcdb-db97-4b2b-b4da-54b8f78193be' with name 'v++_compile_fitness_hls'
12/16/25 16:54:29: SYSTEM_DIAGRAM: closing session for UUID 'd1badcdb-db97-4b2b-b4da-54b8f78193be' with name 'v++_compile_fitness_hls'
12/16/25 16:54:29: STOP_SERVER received, server token: 87da7098-a13d-48c7-93e7-d4157ae654e7, passed token: 87da7098-a13d-48c7-93e7-d4157ae654e7
12/16/25 16:54:29: Socket received request to stop server.
12/16/25 16:54:29: Dispatch Server: do_await_stop
12/16/25 16:54:29: SERVER: destructor for server bound to port 51247
12/16/25 16:56:07: Running xcd server. This server was built by gradle.
12/16/25 16:56:07: Server was asked to start on port: '64477'
12/16/25 16:56:07: Server is using token UUID: '3bf4d123-3391-4e83-a13a-f63fc576426e'
12/16/25 16:56:07: SESSION_MGR: creating session with session uuid: '6d04a3e9-ade5-4ab9-8d63-1f78fcd2ec76' and name 'default'
12/16/25 16:56:07: Attempting to start server on port '64477'
12/16/25 16:56:07: Running Dispatch Server
12/16/25 16:56:07: Version 2.2.0
12/16/25 16:56:07: Dispatch Server: Accepted socket connection from client
12/16/25 16:56:07: Starting Socket connection
12/16/25 16:56:07: EXCHANGE_TOKEN received, server token: 3bf4d123-3391-4e83-a13a-f63fc576426e, passed token: 3bf4d123-3391-4e83-a13a-f63fc576426e
12/16/25 16:56:08: DISPATCH_HANDLER: Adding handler from function makeHandler in library xv_system_diagram
12/16/25 16:56:08: SESSION_MGR: creating session with session uuid: 'f99c08ba-a2a7-4d14-a65c-101be0224e7c' and name 'v++_compile_fitness_hls'
12/16/25 16:56:08: KERNEL_SVC: creating session with uuid: 'f99c08ba-a2a7-4d14-a65c-101be0224e7c' and name 'v++_compile_fitness_hls'
12/16/25 16:56:08: GUIDANCE_SMGR: creating guidance session with uuid: 'f99c08ba-a2a7-4d14-a65c-101be0224e7c' and name 'v++_compile_fitness_hls'
12/16/25 16:56:08: SYSTEM_DIAGRAM: creating session with uuid: 'f99c08ba-a2a7-4d14-a65c-101be0224e7c' and name 'v++_compile_fitness_hls'
12/16/25 16:56:28: Dispatch Server: Accepted socket connection from client
12/16/25 16:56:28: Starting Socket connection
12/16/25 16:58:32: SESSION_MGR: closing session for UUID 'f99c08ba-a2a7-4d14-a65c-101be0224e7c' with name 'v++_compile_fitness_hls'
12/16/25 16:58:32: KERNEL_SVC: closing session for UUID 'f99c08ba-a2a7-4d14-a65c-101be0224e7c' with name 'v++_compile_fitness_hls'
12/16/25 16:58:32: GUIDANCE_SMGR: closing session for UUID 'f99c08ba-a2a7-4d14-a65c-101be0224e7c' with name 'v++_compile_fitness_hls'
12/16/25 16:58:32: SYSTEM_DIAGRAM: closing session for UUID 'f99c08ba-a2a7-4d14-a65c-101be0224e7c' with name 'v++_compile_fitness_hls'
12/16/25 16:58:32: STOP_SERVER received, server token: 3bf4d123-3391-4e83-a13a-f63fc576426e, passed token: 3bf4d123-3391-4e83-a13a-f63fc576426e
12/16/25 16:58:32: Socket received request to stop server.
12/16/25 16:58:32: Dispatch Server: do_await_stop
12/16/25 16:58:32: SERVER: destructor for server bound to port 64477
12/16/25 17:03:04: Running xcd server. This server was built by gradle.
12/16/25 17:03:04: Server was asked to start on port: '58010'
12/16/25 17:03:04: Server is using token UUID: 'ea0f4dac-afda-469c-8b09-bb92a312a047'
12/16/25 17:03:04: SESSION_MGR: creating session with session uuid: '6d04a3e9-ade5-4ab9-8d63-1f78fcd2ec76' and name 'default'
12/16/25 17:03:04: Attempting to start server on port '58010'
12/16/25 17:03:04: Running Dispatch Server
12/16/25 17:03:04: Version 2.2.0
12/16/25 17:03:04: Dispatch Server: Accepted socket connection from client
12/16/25 17:03:04: Starting Socket connection
12/16/25 17:03:04: EXCHANGE_TOKEN received, server token: ea0f4dac-afda-469c-8b09-bb92a312a047, passed token: ea0f4dac-afda-469c-8b09-bb92a312a047
12/16/25 17:03:05: DISPATCH_HANDLER: Adding handler from function makeHandler in library xv_system_diagram
12/16/25 17:03:05: SESSION_MGR: creating session with session uuid: '4433298d-5eab-4760-8b34-d00ff74fbd70' and name 'v++_compile_fitness_hls'
12/16/25 17:03:05: KERNEL_SVC: creating session with uuid: '4433298d-5eab-4760-8b34-d00ff74fbd70' and name 'v++_compile_fitness_hls'
12/16/25 17:03:05: GUIDANCE_SMGR: creating guidance session with uuid: '4433298d-5eab-4760-8b34-d00ff74fbd70' and name 'v++_compile_fitness_hls'
12/16/25 17:03:05: SYSTEM_DIAGRAM: creating session with uuid: '4433298d-5eab-4760-8b34-d00ff74fbd70' and name 'v++_compile_fitness_hls'
12/16/25 17:03:21: Dispatch Server: Accepted socket connection from client
12/16/25 17:03:21: Starting Socket connection
12/16/25 17:06:43: SESSION_MGR: closing session for UUID '4433298d-5eab-4760-8b34-d00ff74fbd70' with name 'v++_compile_fitness_hls'
12/16/25 17:06:43: KERNEL_SVC: closing session for UUID '4433298d-5eab-4760-8b34-d00ff74fbd70' with name 'v++_compile_fitness_hls'
12/16/25 17:06:43: GUIDANCE_SMGR: closing session for UUID '4433298d-5eab-4760-8b34-d00ff74fbd70' with name 'v++_compile_fitness_hls'
12/16/25 17:06:43: SYSTEM_DIAGRAM: closing session for UUID '4433298d-5eab-4760-8b34-d00ff74fbd70' with name 'v++_compile_fitness_hls'
12/16/25 17:06:43: STOP_SERVER received, server token: ea0f4dac-afda-469c-8b09-bb92a312a047, passed token: ea0f4dac-afda-469c-8b09-bb92a312a047
12/16/25 17:06:43: Socket received request to stop server.
12/16/25 17:06:43: Dispatch Server: do_await_stop
12/16/25 17:06:43: SERVER: destructor for server bound to port 58010
12/16/25 17:22:09: Running xcd server. This server was built by gradle.
12/16/25 17:22:09: Server was asked to start on port: '49673'
12/16/25 17:22:09: Server is using token UUID: '9c37c55d-0e55-4c24-abe7-d92891ed8586'
12/16/25 17:22:09: SESSION_MGR: creating session with session uuid: '6d04a3e9-ade5-4ab9-8d63-1f78fcd2ec76' and name 'default'
12/16/25 17:22:09: Attempting to start server on port '49673'
12/16/25 17:22:09: Running Dispatch Server
12/16/25 17:22:09: Version 2.2.0
12/16/25 17:22:09: Dispatch Server: Accepted socket connection from client
12/16/25 17:22:09: Starting Socket connection
12/16/25 17:22:09: EXCHANGE_TOKEN received, server token: 9c37c55d-0e55-4c24-abe7-d92891ed8586, passed token: 9c37c55d-0e55-4c24-abe7-d92891ed8586
12/16/25 17:22:10: DISPATCH_HANDLER: Adding handler from function makeHandler in library xv_system_diagram
12/16/25 17:22:10: SESSION_MGR: creating session with session uuid: 'b7bb1294-0863-4752-b226-d56f7db361b6' and name 'vitis-run_compile_fitness_hls'
12/16/25 17:22:10: KERNEL_SVC: creating session with uuid: 'b7bb1294-0863-4752-b226-d56f7db361b6' and name 'vitis-run_compile_fitness_hls'
12/16/25 17:22:10: GUIDANCE_SMGR: creating guidance session with uuid: 'b7bb1294-0863-4752-b226-d56f7db361b6' and name 'vitis-run_compile_fitness_hls'
12/16/25 17:22:10: SYSTEM_DIAGRAM: creating session with uuid: 'b7bb1294-0863-4752-b226-d56f7db361b6' and name 'vitis-run_compile_fitness_hls'
12/16/25 17:22:34: Dispatch Server: Accepted socket connection from client
12/16/25 17:22:34: Starting Socket connection
12/16/25 17:22:40: SESSION_MGR: closing session for UUID 'b7bb1294-0863-4752-b226-d56f7db361b6' with name 'vitis-run_compile_fitness_hls'
12/16/25 17:22:40: KERNEL_SVC: closing session for UUID 'b7bb1294-0863-4752-b226-d56f7db361b6' with name 'vitis-run_compile_fitness_hls'
12/16/25 17:22:40: GUIDANCE_SMGR: closing session for UUID 'b7bb1294-0863-4752-b226-d56f7db361b6' with name 'vitis-run_compile_fitness_hls'
12/16/25 17:22:40: SYSTEM_DIAGRAM: closing session for UUID 'b7bb1294-0863-4752-b226-d56f7db361b6' with name 'vitis-run_compile_fitness_hls'
12/16/25 17:22:40: STOP_SERVER received, server token: 9c37c55d-0e55-4c24-abe7-d92891ed8586, passed token: 9c37c55d-0e55-4c24-abe7-d92891ed8586
12/16/25 17:22:40: Socket received request to stop server.
12/16/25 17:22:40: Dispatch Server: do_await_stop
12/16/25 17:22:40: SERVER: destructor for server bound to port 49673
12/16/25 17:25:54: Running xcd server. This server was built by gradle.
12/16/25 17:25:54: Server was asked to start on port: '62375'
12/16/25 17:25:54: Server is using token UUID: '6a41130c-e6a0-411c-825b-68925749fecd'
12/16/25 17:25:54: SESSION_MGR: creating session with session uuid: '6d04a3e9-ade5-4ab9-8d63-1f78fcd2ec76' and name 'default'
12/16/25 17:25:54: Attempting to start server on port '62375'
12/16/25 17:25:54: Running Dispatch Server
12/16/25 17:25:54: Version 2.2.0
12/16/25 17:25:54: Dispatch Server: Accepted socket connection from client
12/16/25 17:25:54: Starting Socket connection
12/16/25 17:25:54: EXCHANGE_TOKEN received, server token: 6a41130c-e6a0-411c-825b-68925749fecd, passed token: 6a41130c-e6a0-411c-825b-68925749fecd
12/16/25 17:25:54: DISPATCH_HANDLER: Adding handler from function makeHandler in library xv_system_diagram
12/16/25 17:25:54: SESSION_MGR: creating session with session uuid: 'a674ff19-2e13-44c1-92e4-5c23c9ae098f' and name 'vitis-run_compile_fitness_hls'
12/16/25 17:25:54: KERNEL_SVC: creating session with uuid: 'a674ff19-2e13-44c1-92e4-5c23c9ae098f' and name 'vitis-run_compile_fitness_hls'
12/16/25 17:25:54: GUIDANCE_SMGR: creating guidance session with uuid: 'a674ff19-2e13-44c1-92e4-5c23c9ae098f' and name 'vitis-run_compile_fitness_hls'
12/16/25 17:25:54: SYSTEM_DIAGRAM: creating session with uuid: 'a674ff19-2e13-44c1-92e4-5c23c9ae098f' and name 'vitis-run_compile_fitness_hls'
12/16/25 17:27:24: Running xcd server. This server was built by gradle.
12/16/25 17:27:24: Server was asked to start on port: '50808'
12/16/25 17:27:24: Server is using token UUID: 'e39fefa4-5474-413b-889c-23c15898f9ca'
12/16/25 17:27:24: SESSION_MGR: creating session with session uuid: '6d04a3e9-ade5-4ab9-8d63-1f78fcd2ec76' and name 'default'
12/16/25 17:27:24: Attempting to start server on port '50808'
12/16/25 17:27:24: Running Dispatch Server
12/16/25 17:27:24: Version 2.2.0
12/16/25 17:27:24: Dispatch Server: Accepted socket connection from client
12/16/25 17:27:24: Starting Socket connection
12/16/25 17:27:24: EXCHANGE_TOKEN received, server token: e39fefa4-5474-413b-889c-23c15898f9ca, passed token: e39fefa4-5474-413b-889c-23c15898f9ca
12/16/25 17:27:25: DISPATCH_HANDLER: Adding handler from function makeHandler in library xv_system_diagram
12/16/25 17:27:25: SESSION_MGR: creating session with session uuid: 'b3f2f3ee-ee82-4840-a51e-94d1db3b9796' and name 'vitis-run_compile_fitness_hls'
12/16/25 17:27:25: KERNEL_SVC: creating session with uuid: 'b3f2f3ee-ee82-4840-a51e-94d1db3b9796' and name 'vitis-run_compile_fitness_hls'
12/16/25 17:27:25: GUIDANCE_SMGR: creating guidance session with uuid: 'b3f2f3ee-ee82-4840-a51e-94d1db3b9796' and name 'vitis-run_compile_fitness_hls'
12/16/25 17:27:25: SYSTEM_DIAGRAM: creating session with uuid: 'b3f2f3ee-ee82-4840-a51e-94d1db3b9796' and name 'vitis-run_compile_fitness_hls'
12/16/25 17:27:40: Dispatch Server: Accepted socket connection from client
12/16/25 17:27:40: Starting Socket connection
12/16/25 17:29:34: SESSION_MGR: closing session for UUID 'b3f2f3ee-ee82-4840-a51e-94d1db3b9796' with name 'vitis-run_compile_fitness_hls'
12/16/25 17:29:34: KERNEL_SVC: closing session for UUID 'b3f2f3ee-ee82-4840-a51e-94d1db3b9796' with name 'vitis-run_compile_fitness_hls'
12/16/25 17:29:34: GUIDANCE_SMGR: closing session for UUID 'b3f2f3ee-ee82-4840-a51e-94d1db3b9796' with name 'vitis-run_compile_fitness_hls'
12/16/25 17:29:34: SYSTEM_DIAGRAM: closing session for UUID 'b3f2f3ee-ee82-4840-a51e-94d1db3b9796' with name 'vitis-run_compile_fitness_hls'
12/16/25 17:29:34: STOP_SERVER received, server token: e39fefa4-5474-413b-889c-23c15898f9ca, passed token: e39fefa4-5474-413b-889c-23c15898f9ca
12/16/25 17:29:34: Socket received request to stop server.
12/16/25 17:29:34: Dispatch Server: do_await_stop
12/16/25 17:29:34: SERVER: destructor for server bound to port 50808
12/16/25 17:31:19: Running xcd server. This server was built by gradle.
12/16/25 17:31:19: Server was asked to start on port: '49671'
12/16/25 17:31:19: Server is using token UUID: '78479030-2888-40d9-b80e-952e6a138321'
12/16/25 17:31:19: SESSION_MGR: creating session with session uuid: '6d04a3e9-ade5-4ab9-8d63-1f78fcd2ec76' and name 'default'
12/16/25 17:31:19: Attempting to start server on port '49671'
12/16/25 17:31:19: Running Dispatch Server
12/16/25 17:31:19: Version 2.2.0
12/16/25 17:31:19: Dispatch Server: Accepted socket connection from client
12/16/25 17:31:19: Starting Socket connection
12/16/25 17:31:19: EXCHANGE_TOKEN received, server token: 78479030-2888-40d9-b80e-952e6a138321, passed token: 78479030-2888-40d9-b80e-952e6a138321
12/16/25 17:31:20: DISPATCH_HANDLER: Adding handler from function makeHandler in library xv_system_diagram
12/16/25 17:31:20: SESSION_MGR: creating session with session uuid: 'b36fa2ff-494d-4ecc-b617-73409b085b9c' and name 'vitis-run_compile_fitness_hls'
12/16/25 17:31:20: KERNEL_SVC: creating session with uuid: 'b36fa2ff-494d-4ecc-b617-73409b085b9c' and name 'vitis-run_compile_fitness_hls'
12/16/25 17:31:20: GUIDANCE_SMGR: creating guidance session with uuid: 'b36fa2ff-494d-4ecc-b617-73409b085b9c' and name 'vitis-run_compile_fitness_hls'
12/16/25 17:31:20: SYSTEM_DIAGRAM: creating session with uuid: 'b36fa2ff-494d-4ecc-b617-73409b085b9c' and name 'vitis-run_compile_fitness_hls'
12/16/25 17:31:33: Dispatch Server: Accepted socket connection from client
12/16/25 17:31:33: Starting Socket connection
12/16/25 17:34:31: Dispatch Server: Accepted socket connection from client
12/16/25 17:34:31: Starting Socket connection
12/16/25 17:44:31: Running xcd server. This server was built by gradle.
12/16/25 17:44:31: Server was asked to start on port: '61610'
12/16/25 17:44:31: Server is using token UUID: 'ca59c107-39c9-44a1-8896-5751af0d39a7'
12/16/25 17:44:31: SESSION_MGR: creating session with session uuid: '6d04a3e9-ade5-4ab9-8d63-1f78fcd2ec76' and name 'default'
12/16/25 17:44:31: Attempting to start server on port '61610'
12/16/25 17:44:31: Running Dispatch Server
12/16/25 17:44:31: Version 2.2.0
12/16/25 17:44:32: Dispatch Server: Accepted socket connection from client
12/16/25 17:44:32: Starting Socket connection
12/16/25 17:44:32: EXCHANGE_TOKEN received, server token: ca59c107-39c9-44a1-8896-5751af0d39a7, passed token: ca59c107-39c9-44a1-8896-5751af0d39a7
12/16/25 17:44:32: DISPATCH_HANDLER: Adding handler from function makeHandler in library xv_system_diagram
12/16/25 17:44:32: SESSION_MGR: creating session with session uuid: 'f75550c7-e5f5-4d9a-b47e-0833f316cffa' and name 'vitis-run_compile_fitness_hls'
12/16/25 17:44:32: KERNEL_SVC: creating session with uuid: 'f75550c7-e5f5-4d9a-b47e-0833f316cffa' and name 'vitis-run_compile_fitness_hls'
12/16/25 17:44:32: GUIDANCE_SMGR: creating guidance session with uuid: 'f75550c7-e5f5-4d9a-b47e-0833f316cffa' and name 'vitis-run_compile_fitness_hls'
12/16/25 17:44:32: SYSTEM_DIAGRAM: creating session with uuid: 'f75550c7-e5f5-4d9a-b47e-0833f316cffa' and name 'vitis-run_compile_fitness_hls'
12/16/25 17:44:47: Dispatch Server: Accepted socket connection from client
12/16/25 17:44:47: Starting Socket connection
12/16/25 17:45:56: SESSION_MGR: closing session for UUID 'f75550c7-e5f5-4d9a-b47e-0833f316cffa' with name 'vitis-run_compile_fitness_hls'
12/16/25 17:45:56: KERNEL_SVC: closing session for UUID 'f75550c7-e5f5-4d9a-b47e-0833f316cffa' with name 'vitis-run_compile_fitness_hls'
12/16/25 17:45:56: GUIDANCE_SMGR: closing session for UUID 'f75550c7-e5f5-4d9a-b47e-0833f316cffa' with name 'vitis-run_compile_fitness_hls'
12/16/25 17:45:56: SYSTEM_DIAGRAM: closing session for UUID 'f75550c7-e5f5-4d9a-b47e-0833f316cffa' with name 'vitis-run_compile_fitness_hls'
12/16/25 17:45:56: STOP_SERVER received, server token: ca59c107-39c9-44a1-8896-5751af0d39a7, passed token: ca59c107-39c9-44a1-8896-5751af0d39a7
12/16/25 17:45:56: Socket received request to stop server.
12/16/25 17:45:56: Dispatch Server: do_await_stop
12/16/25 17:45:56: SERVER: destructor for server bound to port 61610
12/22/25 14:50:16: Running xcd server. This server was built by gradle.
12/22/25 14:50:16: Server was asked to start on port: '51005'
12/22/25 14:50:16: Server is using token UUID: '82a24f14-7a0f-40c3-9886-2d290c70baba'
12/22/25 14:50:16: SESSION_MGR: creating session with session uuid: '6d04a3e9-ade5-4ab9-8d63-1f78fcd2ec76' and name 'default'
12/22/25 14:50:16: Attempting to start server on port '51005'
12/22/25 14:50:16: Running Dispatch Server
12/22/25 14:50:16: Version 2.2.0
12/22/25 14:50:17: Dispatch Server: Accepted socket connection from client
12/22/25 14:50:17: Starting Socket connection
12/22/25 14:50:17: EXCHANGE_TOKEN received, server token: 82a24f14-7a0f-40c3-9886-2d290c70baba, passed token: 82a24f14-7a0f-40c3-9886-2d290c70baba
12/22/25 14:50:17: DISPATCH_HANDLER: Adding handler from function makeHandler in library xv_system_diagram
12/22/25 14:50:17: SESSION_MGR: creating session with session uuid: 'bc236481-ed58-4376-bba0-531d9b09240b' and name 'vitis-run_compile_fitness_hls'
12/22/25 14:50:17: KERNEL_SVC: creating session with uuid: 'bc236481-ed58-4376-bba0-531d9b09240b' and name 'vitis-run_compile_fitness_hls'
12/22/25 14:50:17: GUIDANCE_SMGR: creating guidance session with uuid: 'bc236481-ed58-4376-bba0-531d9b09240b' and name 'vitis-run_compile_fitness_hls'
12/22/25 14:50:17: SYSTEM_DIAGRAM: creating session with uuid: 'bc236481-ed58-4376-bba0-531d9b09240b' and name 'vitis-run_compile_fitness_hls'
12/22/25 14:50:37: Dispatch Server: Accepted socket connection from client
12/22/25 14:50:37: Starting Socket connection
12/22/25 14:51:30: SESSION_MGR: closing session for UUID 'bc236481-ed58-4376-bba0-531d9b09240b' with name 'vitis-run_compile_fitness_hls'
12/22/25 14:51:30: KERNEL_SVC: closing session for UUID 'bc236481-ed58-4376-bba0-531d9b09240b' with name 'vitis-run_compile_fitness_hls'
12/22/25 14:51:30: GUIDANCE_SMGR: closing session for UUID 'bc236481-ed58-4376-bba0-531d9b09240b' with name 'vitis-run_compile_fitness_hls'
12/22/25 14:51:30: SYSTEM_DIAGRAM: closing session for UUID 'bc236481-ed58-4376-bba0-531d9b09240b' with name 'vitis-run_compile_fitness_hls'
12/22/25 14:51:30: STOP_SERVER received, server token: 82a24f14-7a0f-40c3-9886-2d290c70baba, passed token: 82a24f14-7a0f-40c3-9886-2d290c70baba
12/22/25 14:51:30: Socket received request to stop server.
12/22/25 14:51:30: Dispatch Server: do_await_stop
12/22/25 14:51:30: SERVER: destructor for server bound to port 51005
12/22/25 14:54:44: Running xcd server. This server was built by gradle.
12/22/25 14:54:44: Server was asked to start on port: '54089'
12/22/25 14:54:44: Server is using token UUID: 'fe115a2a-ee50-48bf-8125-fc1fc0840689'
12/22/25 14:54:44: SESSION_MGR: creating session with session uuid: '6d04a3e9-ade5-4ab9-8d63-1f78fcd2ec76' and name 'default'
12/22/25 14:54:44: Attempting to start server on port '54089'
12/22/25 14:54:44: Running Dispatch Server
12/22/25 14:54:44: Version 2.2.0
12/22/25 14:54:44: Dispatch Server: Accepted socket connection from client
12/22/25 14:54:44: Starting Socket connection
12/22/25 14:54:44: EXCHANGE_TOKEN received, server token: fe115a2a-ee50-48bf-8125-fc1fc0840689, passed token: fe115a2a-ee50-48bf-8125-fc1fc0840689
12/22/25 14:54:45: DISPATCH_HANDLER: Adding handler from function makeHandler in library xv_system_diagram
12/22/25 14:54:45: SESSION_MGR: creating session with session uuid: '7d74de8e-db68-4724-be92-d16af7a44c72' and name 'vitis-run_compile_fitness_hls'
12/22/25 14:54:45: KERNEL_SVC: creating session with uuid: '7d74de8e-db68-4724-be92-d16af7a44c72' and name 'vitis-run_compile_fitness_hls'
12/22/25 14:54:45: GUIDANCE_SMGR: creating guidance session with uuid: '7d74de8e-db68-4724-be92-d16af7a44c72' and name 'vitis-run_compile_fitness_hls'
12/22/25 14:54:45: SYSTEM_DIAGRAM: creating session with uuid: '7d74de8e-db68-4724-be92-d16af7a44c72' and name 'vitis-run_compile_fitness_hls'
12/22/25 14:54:56: Dispatch Server: Accepted socket connection from client
12/22/25 14:54:56: Starting Socket connection
12/22/25 14:55:01: SESSION_MGR: closing session for UUID '7d74de8e-db68-4724-be92-d16af7a44c72' with name 'vitis-run_compile_fitness_hls'
12/22/25 14:55:01: KERNEL_SVC: closing session for UUID '7d74de8e-db68-4724-be92-d16af7a44c72' with name 'vitis-run_compile_fitness_hls'
12/22/25 14:55:01: GUIDANCE_SMGR: closing session for UUID '7d74de8e-db68-4724-be92-d16af7a44c72' with name 'vitis-run_compile_fitness_hls'
12/22/25 14:55:01: SYSTEM_DIAGRAM: closing session for UUID '7d74de8e-db68-4724-be92-d16af7a44c72' with name 'vitis-run_compile_fitness_hls'
12/22/25 14:55:01: STOP_SERVER received, server token: fe115a2a-ee50-48bf-8125-fc1fc0840689, passed token: fe115a2a-ee50-48bf-8125-fc1fc0840689
12/22/25 14:55:01: Socket received request to stop server.
12/22/25 14:55:01: Dispatch Server: do_await_stop
12/22/25 14:55:01: SERVER: destructor for server bound to port 54089
12/22/25 14:57:55: Running xcd server. This server was built by gradle.
12/22/25 14:57:55: Server was asked to start on port: '53134'
12/22/25 14:57:55: Server is using token UUID: 'e7dc8dec-b9fe-4b1a-b203-4ee60df3374e'
12/22/25 14:57:55: SESSION_MGR: creating session with session uuid: '6d04a3e9-ade5-4ab9-8d63-1f78fcd2ec76' and name 'default'
12/22/25 14:57:55: Attempting to start server on port '53134'
12/22/25 14:57:55: Running Dispatch Server
12/22/25 14:57:55: Version 2.2.0
12/22/25 14:57:56: Dispatch Server: Accepted socket connection from client
12/22/25 14:57:56: Starting Socket connection
12/22/25 14:57:56: EXCHANGE_TOKEN received, server token: e7dc8dec-b9fe-4b1a-b203-4ee60df3374e, passed token: e7dc8dec-b9fe-4b1a-b203-4ee60df3374e
12/22/25 14:57:57: DISPATCH_HANDLER: Adding handler from function makeHandler in library xv_system_diagram
12/22/25 14:57:57: SESSION_MGR: creating session with session uuid: '196e74c7-bb68-4ad7-af70-0630ebb695bb' and name 'vitis-run_compile_fitness_hls'
12/22/25 14:57:57: KERNEL_SVC: creating session with uuid: '196e74c7-bb68-4ad7-af70-0630ebb695bb' and name 'vitis-run_compile_fitness_hls'
12/22/25 14:57:57: GUIDANCE_SMGR: creating guidance session with uuid: '196e74c7-bb68-4ad7-af70-0630ebb695bb' and name 'vitis-run_compile_fitness_hls'
12/22/25 14:57:57: SYSTEM_DIAGRAM: creating session with uuid: '196e74c7-bb68-4ad7-af70-0630ebb695bb' and name 'vitis-run_compile_fitness_hls'
12/22/25 14:58:08: Dispatch Server: Accepted socket connection from client
12/22/25 14:58:08: Starting Socket connection
12/22/25 14:58:44: SESSION_MGR: closing session for UUID '196e74c7-bb68-4ad7-af70-0630ebb695bb' with name 'vitis-run_compile_fitness_hls'
12/22/25 14:58:44: KERNEL_SVC: closing session for UUID '196e74c7-bb68-4ad7-af70-0630ebb695bb' with name 'vitis-run_compile_fitness_hls'
12/22/25 14:58:44: GUIDANCE_SMGR: closing session for UUID '196e74c7-bb68-4ad7-af70-0630ebb695bb' with name 'vitis-run_compile_fitness_hls'
12/22/25 14:58:44: SYSTEM_DIAGRAM: closing session for UUID '196e74c7-bb68-4ad7-af70-0630ebb695bb' with name 'vitis-run_compile_fitness_hls'
12/22/25 14:58:44: STOP_SERVER received, server token: e7dc8dec-b9fe-4b1a-b203-4ee60df3374e, passed token: e7dc8dec-b9fe-4b1a-b203-4ee60df3374e
12/22/25 14:58:44: Socket received request to stop server.
12/22/25 14:58:44: Dispatch Server: do_await_stop
12/22/25 14:58:44: SERVER: destructor for server bound to port 53134
12/22/25 15:00:08: Running xcd server. This server was built by gradle.
12/22/25 15:00:08: Server was asked to start on port: '58644'
12/22/25 15:00:08: Server is using token UUID: '9fce7658-16c8-4a5c-b190-eb607e662954'
12/22/25 15:00:08: SESSION_MGR: creating session with session uuid: '6d04a3e9-ade5-4ab9-8d63-1f78fcd2ec76' and name 'default'
12/22/25 15:00:08: Attempting to start server on port '58644'
12/22/25 15:00:08: Running Dispatch Server
12/22/25 15:00:08: Version 2.2.0
12/22/25 15:00:08: Dispatch Server: Accepted socket connection from client
12/22/25 15:00:08: Starting Socket connection
12/22/25 15:00:08: EXCHANGE_TOKEN received, server token: 9fce7658-16c8-4a5c-b190-eb607e662954, passed token: 9fce7658-16c8-4a5c-b190-eb607e662954
12/22/25 15:00:09: DISPATCH_HANDLER: Adding handler from function makeHandler in library xv_system_diagram
12/22/25 15:00:09: SESSION_MGR: creating session with session uuid: 'af255fcd-2ab3-4130-b1dc-c2e97fb22939' and name 'vitis-run_compile_fitness_hls'
12/22/25 15:00:09: KERNEL_SVC: creating session with uuid: 'af255fcd-2ab3-4130-b1dc-c2e97fb22939' and name 'vitis-run_compile_fitness_hls'
12/22/25 15:00:09: GUIDANCE_SMGR: creating guidance session with uuid: 'af255fcd-2ab3-4130-b1dc-c2e97fb22939' and name 'vitis-run_compile_fitness_hls'
12/22/25 15:00:09: SYSTEM_DIAGRAM: creating session with uuid: 'af255fcd-2ab3-4130-b1dc-c2e97fb22939' and name 'vitis-run_compile_fitness_hls'
12/22/25 15:00:20: Dispatch Server: Accepted socket connection from client
12/22/25 15:00:20: Starting Socket connection
12/22/25 15:00:23: SESSION_MGR: closing session for UUID 'af255fcd-2ab3-4130-b1dc-c2e97fb22939' with name 'vitis-run_compile_fitness_hls'
12/22/25 15:00:23: KERNEL_SVC: closing session for UUID 'af255fcd-2ab3-4130-b1dc-c2e97fb22939' with name 'vitis-run_compile_fitness_hls'
12/22/25 15:00:23: GUIDANCE_SMGR: closing session for UUID 'af255fcd-2ab3-4130-b1dc-c2e97fb22939' with name 'vitis-run_compile_fitness_hls'
12/22/25 15:00:23: SYSTEM_DIAGRAM: closing session for UUID 'af255fcd-2ab3-4130-b1dc-c2e97fb22939' with name 'vitis-run_compile_fitness_hls'
12/22/25 15:00:23: STOP_SERVER received, server token: 9fce7658-16c8-4a5c-b190-eb607e662954, passed token: 9fce7658-16c8-4a5c-b190-eb607e662954
12/22/25 15:00:23: Socket received request to stop server.
12/22/25 15:00:23: Dispatch Server: do_await_stop
12/22/25 15:00:23: SERVER: destructor for server bound to port 58644
12/22/25 17:02:03: Running xcd server. This server was built by gradle.
12/22/25 17:02:03: Server was asked to start on port: '57395'
12/22/25 17:02:03: Server is using token UUID: 'ba595a99-bfcb-4e0a-933a-f4afc6e7e6b5'
12/22/25 17:02:03: SESSION_MGR: creating session with session uuid: '6d04a3e9-ade5-4ab9-8d63-1f78fcd2ec76' and name 'default'
12/22/25 17:02:04: Attempting to start server on port '57395'
12/22/25 17:02:04: Running Dispatch Server
12/22/25 17:02:04: Version 2.2.0
12/22/25 17:02:04: Dispatch Server: Accepted socket connection from client
12/22/25 17:02:04: Starting Socket connection
12/22/25 17:02:04: EXCHANGE_TOKEN received, server token: ba595a99-bfcb-4e0a-933a-f4afc6e7e6b5, passed token: ba595a99-bfcb-4e0a-933a-f4afc6e7e6b5
12/22/25 17:02:04: DISPATCH_HANDLER: Adding handler from function makeHandler in library xv_system_diagram
12/22/25 17:02:04: SESSION_MGR: creating session with session uuid: '6b5fbe3f-37f2-4350-a77c-4f6c66505113' and name 'vitis-run_compile_fitness_hls'
12/22/25 17:02:04: KERNEL_SVC: creating session with uuid: '6b5fbe3f-37f2-4350-a77c-4f6c66505113' and name 'vitis-run_compile_fitness_hls'
12/22/25 17:02:04: GUIDANCE_SMGR: creating guidance session with uuid: '6b5fbe3f-37f2-4350-a77c-4f6c66505113' and name 'vitis-run_compile_fitness_hls'
12/22/25 17:02:04: SYSTEM_DIAGRAM: creating session with uuid: '6b5fbe3f-37f2-4350-a77c-4f6c66505113' and name 'vitis-run_compile_fitness_hls'
12/22/25 17:02:18: Dispatch Server: Accepted socket connection from client
12/22/25 17:02:18: Starting Socket connection
12/22/25 17:02:48: SESSION_MGR: closing session for UUID '6b5fbe3f-37f2-4350-a77c-4f6c66505113' with name 'vitis-run_compile_fitness_hls'
12/22/25 17:02:48: KERNEL_SVC: closing session for UUID '6b5fbe3f-37f2-4350-a77c-4f6c66505113' with name 'vitis-run_compile_fitness_hls'
12/22/25 17:02:48: GUIDANCE_SMGR: closing session for UUID '6b5fbe3f-37f2-4350-a77c-4f6c66505113' with name 'vitis-run_compile_fitness_hls'
12/22/25 17:02:48: SYSTEM_DIAGRAM: closing session for UUID '6b5fbe3f-37f2-4350-a77c-4f6c66505113' with name 'vitis-run_compile_fitness_hls'
12/22/25 17:02:48: STOP_SERVER received, server token: ba595a99-bfcb-4e0a-933a-f4afc6e7e6b5, passed token: ba595a99-bfcb-4e0a-933a-f4afc6e7e6b5
12/22/25 17:02:48: Socket received request to stop server.
12/22/25 17:02:48: Dispatch Server: do_await_stop
12/22/25 17:02:48: SERVER: destructor for server bound to port 57395
12/22/25 17:13:35: Running xcd server. This server was built by gradle.
12/22/25 17:13:35: Server was asked to start on port: '56077'
12/22/25 17:13:35: Server is using token UUID: '22ad3197-1634-4c82-b2e9-fcd3d1262607'
12/22/25 17:13:35: SESSION_MGR: creating session with session uuid: '6d04a3e9-ade5-4ab9-8d63-1f78fcd2ec76' and name 'default'
12/22/25 17:13:35: Attempting to start server on port '56077'
12/22/25 17:13:35: Running Dispatch Server
12/22/25 17:13:35: Version 2.2.0
12/22/25 17:13:35: Dispatch Server: Accepted socket connection from client
12/22/25 17:13:35: Starting Socket connection
12/22/25 17:13:35: EXCHANGE_TOKEN received, server token: 22ad3197-1634-4c82-b2e9-fcd3d1262607, passed token: 22ad3197-1634-4c82-b2e9-fcd3d1262607
12/22/25 17:13:36: DISPATCH_HANDLER: Adding handler from function makeHandler in library xv_system_diagram
12/22/25 17:13:36: SESSION_MGR: creating session with session uuid: 'b8d39565-64c8-44b8-b974-ebe07f8ac1ac' and name 'vitis-run_compile_fitness_hls'
12/22/25 17:13:36: KERNEL_SVC: creating session with uuid: 'b8d39565-64c8-44b8-b974-ebe07f8ac1ac' and name 'vitis-run_compile_fitness_hls'
12/22/25 17:13:36: GUIDANCE_SMGR: creating guidance session with uuid: 'b8d39565-64c8-44b8-b974-ebe07f8ac1ac' and name 'vitis-run_compile_fitness_hls'
12/22/25 17:13:36: SYSTEM_DIAGRAM: creating session with uuid: 'b8d39565-64c8-44b8-b974-ebe07f8ac1ac' and name 'vitis-run_compile_fitness_hls'
12/22/25 17:13:48: Dispatch Server: Accepted socket connection from client
12/22/25 17:13:48: Starting Socket connection
12/22/25 17:14:21: SESSION_MGR: closing session for UUID 'b8d39565-64c8-44b8-b974-ebe07f8ac1ac' with name 'vitis-run_compile_fitness_hls'
12/22/25 17:14:21: KERNEL_SVC: closing session for UUID 'b8d39565-64c8-44b8-b974-ebe07f8ac1ac' with name 'vitis-run_compile_fitness_hls'
12/22/25 17:14:21: GUIDANCE_SMGR: closing session for UUID 'b8d39565-64c8-44b8-b974-ebe07f8ac1ac' with name 'vitis-run_compile_fitness_hls'
12/22/25 17:14:21: SYSTEM_DIAGRAM: closing session for UUID 'b8d39565-64c8-44b8-b974-ebe07f8ac1ac' with name 'vitis-run_compile_fitness_hls'
12/22/25 17:14:22: STOP_SERVER received, server token: 22ad3197-1634-4c82-b2e9-fcd3d1262607, passed token: 22ad3197-1634-4c82-b2e9-fcd3d1262607
12/22/25 17:14:22: Socket received request to stop server.
12/22/25 17:14:22: Dispatch Server: do_await_stop
12/22/25 17:14:22: SERVER: destructor for server bound to port 56077
12/22/25 17:22:13: Running xcd server. This server was built by gradle.
12/22/25 17:22:13: Server was asked to start on port: '58800'
12/22/25 17:22:13: Server is using token UUID: '9a85990c-3f82-4658-a844-29d4dabd14f9'
12/22/25 17:22:13: SESSION_MGR: creating session with session uuid: '6d04a3e9-ade5-4ab9-8d63-1f78fcd2ec76' and name 'default'
12/22/25 17:22:13: Attempting to start server on port '58800'
12/22/25 17:22:13: Running Dispatch Server
12/22/25 17:22:13: Version 2.2.0
12/22/25 17:22:14: Dispatch Server: Accepted socket connection from client
12/22/25 17:22:14: Starting Socket connection
12/22/25 17:22:14: EXCHANGE_TOKEN received, server token: 9a85990c-3f82-4658-a844-29d4dabd14f9, passed token: 9a85990c-3f82-4658-a844-29d4dabd14f9
12/22/25 17:22:15: DISPATCH_HANDLER: Adding handler from function makeHandler in library xv_system_diagram
12/22/25 17:22:15: SESSION_MGR: creating session with session uuid: '0cde8f0c-b2d7-4b40-8ff0-e89bc036c18d' and name 'vitis-run_compile_fitness_hls'
12/22/25 17:22:15: KERNEL_SVC: creating session with uuid: '0cde8f0c-b2d7-4b40-8ff0-e89bc036c18d' and name 'vitis-run_compile_fitness_hls'
12/22/25 17:22:15: GUIDANCE_SMGR: creating guidance session with uuid: '0cde8f0c-b2d7-4b40-8ff0-e89bc036c18d' and name 'vitis-run_compile_fitness_hls'
12/22/25 17:22:15: SYSTEM_DIAGRAM: creating session with uuid: '0cde8f0c-b2d7-4b40-8ff0-e89bc036c18d' and name 'vitis-run_compile_fitness_hls'
12/22/25 17:22:23: Dispatch Server: Accepted socket connection from client
12/22/25 17:22:23: Starting Socket connection
12/22/25 17:23:04: SESSION_MGR: closing session for UUID '0cde8f0c-b2d7-4b40-8ff0-e89bc036c18d' with name 'vitis-run_compile_fitness_hls'
12/22/25 17:23:04: KERNEL_SVC: closing session for UUID '0cde8f0c-b2d7-4b40-8ff0-e89bc036c18d' with name 'vitis-run_compile_fitness_hls'
12/22/25 17:23:04: GUIDANCE_SMGR: closing session for UUID '0cde8f0c-b2d7-4b40-8ff0-e89bc036c18d' with name 'vitis-run_compile_fitness_hls'
12/22/25 17:23:04: SYSTEM_DIAGRAM: closing session for UUID '0cde8f0c-b2d7-4b40-8ff0-e89bc036c18d' with name 'vitis-run_compile_fitness_hls'
12/22/25 17:23:04: STOP_SERVER received, server token: 9a85990c-3f82-4658-a844-29d4dabd14f9, passed token: 9a85990c-3f82-4658-a844-29d4dabd14f9
12/22/25 17:23:04: Socket received request to stop server.
12/22/25 17:23:04: Dispatch Server: do_await_stop
12/22/25 17:23:04: SERVER: destructor for server bound to port 58800
12/22/25 17:30:02: Running xcd server. This server was built by gradle.
12/22/25 17:30:02: Server was asked to start on port: '51727'
12/22/25 17:30:02: Server is using token UUID: 'fcbcdc87-bffa-4d6a-b59d-2ed391576e9b'
12/22/25 17:30:02: SESSION_MGR: creating session with session uuid: '6d04a3e9-ade5-4ab9-8d63-1f78fcd2ec76' and name 'default'
12/22/25 17:30:02: Attempting to start server on port '51727'
12/22/25 17:30:02: Running Dispatch Server
12/22/25 17:30:02: Version 2.2.0
12/22/25 17:30:03: Dispatch Server: Accepted socket connection from client
12/22/25 17:30:03: Starting Socket connection
12/22/25 17:30:03: EXCHANGE_TOKEN received, server token: fcbcdc87-bffa-4d6a-b59d-2ed391576e9b, passed token: fcbcdc87-bffa-4d6a-b59d-2ed391576e9b
12/22/25 17:30:03: DISPATCH_HANDLER: Adding handler from function makeHandler in library xv_system_diagram
12/22/25 17:30:03: SESSION_MGR: creating session with session uuid: 'c4fd78a7-5497-4fae-bad2-960b2fbf939f' and name 'vitis-run_compile_fitness_hls'
12/22/25 17:30:03: KERNEL_SVC: creating session with uuid: 'c4fd78a7-5497-4fae-bad2-960b2fbf939f' and name 'vitis-run_compile_fitness_hls'
12/22/25 17:30:03: GUIDANCE_SMGR: creating guidance session with uuid: 'c4fd78a7-5497-4fae-bad2-960b2fbf939f' and name 'vitis-run_compile_fitness_hls'
12/22/25 17:30:03: SYSTEM_DIAGRAM: creating session with uuid: 'c4fd78a7-5497-4fae-bad2-960b2fbf939f' and name 'vitis-run_compile_fitness_hls'
12/22/25 17:30:14: Dispatch Server: Accepted socket connection from client
12/22/25 17:30:14: Starting Socket connection
12/22/25 17:30:44: SESSION_MGR: closing session for UUID 'c4fd78a7-5497-4fae-bad2-960b2fbf939f' with name 'vitis-run_compile_fitness_hls'
12/22/25 17:30:44: KERNEL_SVC: closing session for UUID 'c4fd78a7-5497-4fae-bad2-960b2fbf939f' with name 'vitis-run_compile_fitness_hls'
12/22/25 17:30:44: GUIDANCE_SMGR: closing session for UUID 'c4fd78a7-5497-4fae-bad2-960b2fbf939f' with name 'vitis-run_compile_fitness_hls'
12/22/25 17:30:44: SYSTEM_DIAGRAM: closing session for UUID 'c4fd78a7-5497-4fae-bad2-960b2fbf939f' with name 'vitis-run_compile_fitness_hls'
12/22/25 17:30:44: STOP_SERVER received, server token: fcbcdc87-bffa-4d6a-b59d-2ed391576e9b, passed token: fcbcdc87-bffa-4d6a-b59d-2ed391576e9b
12/22/25 17:30:44: Socket received request to stop server.
12/22/25 17:30:44: Dispatch Server: do_await_stop
12/22/25 17:30:44: SERVER: destructor for server bound to port 51727
12/22/25 17:31:06: Running xcd server. This server was built by gradle.
12/22/25 17:31:06: Server was asked to start on port: '50063'
12/22/25 17:31:06: Server is using token UUID: '947181b5-0e8c-44f5-85f9-654940f3ad1c'
12/22/25 17:31:06: SESSION_MGR: creating session with session uuid: '6d04a3e9-ade5-4ab9-8d63-1f78fcd2ec76' and name 'default'
12/22/25 17:31:06: Attempting to start server on port '50063'
12/22/25 17:31:06: Running Dispatch Server
12/22/25 17:31:06: Version 2.2.0
12/22/25 17:31:07: Dispatch Server: Accepted socket connection from client
12/22/25 17:31:07: Starting Socket connection
12/22/25 17:31:07: EXCHANGE_TOKEN received, server token: 947181b5-0e8c-44f5-85f9-654940f3ad1c, passed token: 947181b5-0e8c-44f5-85f9-654940f3ad1c
12/22/25 17:31:07: DISPATCH_HANDLER: Adding handler from function makeHandler in library xv_system_diagram
12/22/25 17:31:07: SESSION_MGR: creating session with session uuid: 'b2a6182b-f482-431b-b43b-d8fcbefbdf14' and name 'v++_compile_fitness_hls'
12/22/25 17:31:07: KERNEL_SVC: creating session with uuid: 'b2a6182b-f482-431b-b43b-d8fcbefbdf14' and name 'v++_compile_fitness_hls'
12/22/25 17:31:07: GUIDANCE_SMGR: creating guidance session with uuid: 'b2a6182b-f482-431b-b43b-d8fcbefbdf14' and name 'v++_compile_fitness_hls'
12/22/25 17:31:07: SYSTEM_DIAGRAM: creating session with uuid: 'b2a6182b-f482-431b-b43b-d8fcbefbdf14' and name 'v++_compile_fitness_hls'
12/22/25 17:31:17: Dispatch Server: Accepted socket connection from client
12/22/25 17:31:17: Starting Socket connection
12/22/25 18:20:31: SESSION_MGR: closing session for UUID 'b2a6182b-f482-431b-b43b-d8fcbefbdf14' with name 'v++_compile_fitness_hls'
12/22/25 18:20:31: KERNEL_SVC: closing session for UUID 'b2a6182b-f482-431b-b43b-d8fcbefbdf14' with name 'v++_compile_fitness_hls'
12/22/25 18:20:31: GUIDANCE_SMGR: closing session for UUID 'b2a6182b-f482-431b-b43b-d8fcbefbdf14' with name 'v++_compile_fitness_hls'
12/22/25 18:20:32: SYSTEM_DIAGRAM: closing session for UUID 'b2a6182b-f482-431b-b43b-d8fcbefbdf14' with name 'v++_compile_fitness_hls'
12/22/25 18:20:32: STOP_SERVER received, server token: 947181b5-0e8c-44f5-85f9-654940f3ad1c, passed token: 947181b5-0e8c-44f5-85f9-654940f3ad1c
12/22/25 18:20:32: Socket received request to stop server.
12/22/25 18:20:32: Dispatch Server: do_await_stop
12/22/25 18:20:32: SERVER: destructor for server bound to port 50063
12/22/25 20:09:03: Running xcd server. This server was built by gradle.
12/22/25 20:09:03: Server was asked to start on port: '64975'
12/22/25 20:09:03: Server is using token UUID: 'e50bae1b-ad20-4f94-9d1a-8961cc53cef8'
12/22/25 20:09:03: SESSION_MGR: creating session with session uuid: '6d04a3e9-ade5-4ab9-8d63-1f78fcd2ec76' and name 'default'
12/22/25 20:09:03: Attempting to start server on port '64975'
12/22/25 20:09:03: Running Dispatch Server
12/22/25 20:09:03: Version 2.2.0
12/22/25 20:09:04: Dispatch Server: Accepted socket connection from client
12/22/25 20:09:04: Starting Socket connection
12/22/25 20:09:04: EXCHANGE_TOKEN received, server token: e50bae1b-ad20-4f94-9d1a-8961cc53cef8, passed token: e50bae1b-ad20-4f94-9d1a-8961cc53cef8
12/22/25 20:09:04: DISPATCH_HANDLER: Adding handler from function makeHandler in library xv_system_diagram
12/22/25 20:09:04: SESSION_MGR: creating session with session uuid: '22894981-cb60-4a77-b70e-4311017048b3' and name 'vitis-run_compile_fitness_hls'
12/22/25 20:09:04: KERNEL_SVC: creating session with uuid: '22894981-cb60-4a77-b70e-4311017048b3' and name 'vitis-run_compile_fitness_hls'
12/22/25 20:09:04: GUIDANCE_SMGR: creating guidance session with uuid: '22894981-cb60-4a77-b70e-4311017048b3' and name 'vitis-run_compile_fitness_hls'
12/22/25 20:09:04: SYSTEM_DIAGRAM: creating session with uuid: '22894981-cb60-4a77-b70e-4311017048b3' and name 'vitis-run_compile_fitness_hls'
12/22/25 20:09:30: Dispatch Server: Accepted socket connection from client
12/22/25 20:09:30: Starting Socket connection
12/22/25 20:10:08: SESSION_MGR: closing session for UUID '22894981-cb60-4a77-b70e-4311017048b3' with name 'vitis-run_compile_fitness_hls'
12/22/25 20:10:08: KERNEL_SVC: closing session for UUID '22894981-cb60-4a77-b70e-4311017048b3' with name 'vitis-run_compile_fitness_hls'
12/22/25 20:10:08: GUIDANCE_SMGR: closing session for UUID '22894981-cb60-4a77-b70e-4311017048b3' with name 'vitis-run_compile_fitness_hls'
12/22/25 20:10:08: SYSTEM_DIAGRAM: closing session for UUID '22894981-cb60-4a77-b70e-4311017048b3' with name 'vitis-run_compile_fitness_hls'
12/22/25 20:10:09: STOP_SERVER received, server token: e50bae1b-ad20-4f94-9d1a-8961cc53cef8, passed token: e50bae1b-ad20-4f94-9d1a-8961cc53cef8
12/22/25 20:10:09: Socket received request to stop server.
12/22/25 20:10:09: Dispatch Server: do_await_stop
12/22/25 20:10:09: SERVER: destructor for server bound to port 64975
12/30/25 17:45:31: Running xcd server. This server was built by gradle.
12/30/25 17:45:31: Server was asked to start on port: '49359'
12/30/25 17:45:31: Server is using token UUID: 'd889c620-1ac4-461d-ae5f-62e55563391e'
12/30/25 17:45:31: SESSION_MGR: creating session with session uuid: '6d04a3e9-ade5-4ab9-8d63-1f78fcd2ec76' and name 'default'
12/30/25 17:45:31: Attempting to start server on port '49359'
12/30/25 17:45:31: Running Dispatch Server
12/30/25 17:45:31: Version 2.2.0
12/30/25 17:45:31: Dispatch Server: Accepted socket connection from client
12/30/25 17:45:31: Starting Socket connection
12/30/25 17:45:31: EXCHANGE_TOKEN received, server token: d889c620-1ac4-461d-ae5f-62e55563391e, passed token: d889c620-1ac4-461d-ae5f-62e55563391e
12/30/25 17:45:33: DISPATCH_HANDLER: Adding handler from function makeHandler in library xv_system_diagram
12/30/25 17:45:33: SESSION_MGR: creating session with session uuid: '30aa3d77-6e09-4a9b-9316-3dbe1a7504d8' and name 'vitis-run_compile_fitness_hls'
12/30/25 17:45:33: KERNEL_SVC: creating session with uuid: '30aa3d77-6e09-4a9b-9316-3dbe1a7504d8' and name 'vitis-run_compile_fitness_hls'
12/30/25 17:45:33: GUIDANCE_SMGR: creating guidance session with uuid: '30aa3d77-6e09-4a9b-9316-3dbe1a7504d8' and name 'vitis-run_compile_fitness_hls'
12/30/25 17:45:33: SYSTEM_DIAGRAM: creating session with uuid: '30aa3d77-6e09-4a9b-9316-3dbe1a7504d8' and name 'vitis-run_compile_fitness_hls'
12/30/25 17:46:04: Dispatch Server: Accepted socket connection from client
12/30/25 17:46:04: Starting Socket connection
12/30/25 17:46:17: SESSION_MGR: closing session for UUID '30aa3d77-6e09-4a9b-9316-3dbe1a7504d8' with name 'vitis-run_compile_fitness_hls'
12/30/25 17:46:17: KERNEL_SVC: closing session for UUID '30aa3d77-6e09-4a9b-9316-3dbe1a7504d8' with name 'vitis-run_compile_fitness_hls'
12/30/25 17:46:17: GUIDANCE_SMGR: closing session for UUID '30aa3d77-6e09-4a9b-9316-3dbe1a7504d8' with name 'vitis-run_compile_fitness_hls'
12/30/25 17:46:17: SYSTEM_DIAGRAM: closing session for UUID '30aa3d77-6e09-4a9b-9316-3dbe1a7504d8' with name 'vitis-run_compile_fitness_hls'
12/30/25 17:46:17: STOP_SERVER received, server token: d889c620-1ac4-461d-ae5f-62e55563391e, passed token: d889c620-1ac4-461d-ae5f-62e55563391e
12/30/25 17:46:17: Socket received request to stop server.
12/30/25 17:46:17: Dispatch Server: do_await_stop
12/30/25 17:46:17: SERVER: destructor for server bound to port 49359
12/30/25 18:47:14: Running xcd server. This server was built by gradle.
12/30/25 18:47:15: Server was asked to start on port: '57793'
12/30/25 18:47:15: Server is using token UUID: '7fc94bd1-b7e1-472b-b015-ad2239df9238'
12/30/25 18:47:15: SESSION_MGR: creating session with session uuid: '6d04a3e9-ade5-4ab9-8d63-1f78fcd2ec76' and name 'default'
12/30/25 18:47:15: Attempting to start server on port '57793'
12/30/25 18:47:15: Running Dispatch Server
12/30/25 18:47:15: Version 2.2.0
12/30/25 18:47:15: Dispatch Server: Accepted socket connection from client
12/30/25 18:47:15: Starting Socket connection
12/30/25 18:47:15: EXCHANGE_TOKEN received, server token: 7fc94bd1-b7e1-472b-b015-ad2239df9238, passed token: 7fc94bd1-b7e1-472b-b015-ad2239df9238
12/30/25 18:47:15: DISPATCH_HANDLER: Adding handler from function makeHandler in library xv_system_diagram
12/30/25 18:47:15: SESSION_MGR: creating session with session uuid: '58734def-d42f-46d6-b279-66f386108908' and name 'vitis-run_compile_fitness_hls'
12/30/25 18:47:15: KERNEL_SVC: creating session with uuid: '58734def-d42f-46d6-b279-66f386108908' and name 'vitis-run_compile_fitness_hls'
12/30/25 18:47:15: GUIDANCE_SMGR: creating guidance session with uuid: '58734def-d42f-46d6-b279-66f386108908' and name 'vitis-run_compile_fitness_hls'
12/30/25 18:47:15: SYSTEM_DIAGRAM: creating session with uuid: '58734def-d42f-46d6-b279-66f386108908' and name 'vitis-run_compile_fitness_hls'
12/30/25 18:47:31: Dispatch Server: Accepted socket connection from client
12/30/25 18:47:31: Starting Socket connection
12/30/25 18:48:07: SESSION_MGR: closing session for UUID '58734def-d42f-46d6-b279-66f386108908' with name 'vitis-run_compile_fitness_hls'
12/30/25 18:48:07: KERNEL_SVC: closing session for UUID '58734def-d42f-46d6-b279-66f386108908' with name 'vitis-run_compile_fitness_hls'
12/30/25 18:48:07: GUIDANCE_SMGR: closing session for UUID '58734def-d42f-46d6-b279-66f386108908' with name 'vitis-run_compile_fitness_hls'
12/30/25 18:48:07: SYSTEM_DIAGRAM: closing session for UUID '58734def-d42f-46d6-b279-66f386108908' with name 'vitis-run_compile_fitness_hls'
12/30/25 18:48:07: STOP_SERVER received, server token: 7fc94bd1-b7e1-472b-b015-ad2239df9238, passed token: 7fc94bd1-b7e1-472b-b015-ad2239df9238
12/30/25 18:48:07: Socket received request to stop server.
12/30/25 18:48:07: Dispatch Server: do_await_stop
12/30/25 18:48:07: SERVER: destructor for server bound to port 57793
12/30/25 18:49:49: Running xcd server. This server was built by gradle.
12/30/25 18:49:49: Server was asked to start on port: '53783'
12/30/25 18:49:49: Server is using token UUID: '617801a0-b325-4b79-86b6-f08a947d35ae'
12/30/25 18:49:49: SESSION_MGR: creating session with session uuid: '6d04a3e9-ade5-4ab9-8d63-1f78fcd2ec76' and name 'default'
12/30/25 18:49:49: Attempting to start server on port '53783'
12/30/25 18:49:49: Running Dispatch Server
12/30/25 18:49:49: Version 2.2.0
12/30/25 18:49:50: Dispatch Server: Accepted socket connection from client
12/30/25 18:49:50: Starting Socket connection
12/30/25 18:49:50: EXCHANGE_TOKEN received, server token: 617801a0-b325-4b79-86b6-f08a947d35ae, passed token: 617801a0-b325-4b79-86b6-f08a947d35ae
12/30/25 18:49:50: DISPATCH_HANDLER: Adding handler from function makeHandler in library xv_system_diagram
12/30/25 18:49:50: SESSION_MGR: creating session with session uuid: 'ffbf70bc-5345-46c3-93d6-ad759050aa5f' and name 'vitis-run_compile_fitness_hls'
12/30/25 18:49:50: KERNEL_SVC: creating session with uuid: 'ffbf70bc-5345-46c3-93d6-ad759050aa5f' and name 'vitis-run_compile_fitness_hls'
12/30/25 18:49:50: GUIDANCE_SMGR: creating guidance session with uuid: 'ffbf70bc-5345-46c3-93d6-ad759050aa5f' and name 'vitis-run_compile_fitness_hls'
12/30/25 18:49:50: SYSTEM_DIAGRAM: creating session with uuid: 'ffbf70bc-5345-46c3-93d6-ad759050aa5f' and name 'vitis-run_compile_fitness_hls'
12/30/25 18:50:03: Dispatch Server: Accepted socket connection from client
12/30/25 18:50:03: Starting Socket connection
12/30/25 18:50:07: SESSION_MGR: closing session for UUID 'ffbf70bc-5345-46c3-93d6-ad759050aa5f' with name 'vitis-run_compile_fitness_hls'
12/30/25 18:50:07: KERNEL_SVC: closing session for UUID 'ffbf70bc-5345-46c3-93d6-ad759050aa5f' with name 'vitis-run_compile_fitness_hls'
12/30/25 18:50:07: GUIDANCE_SMGR: closing session for UUID 'ffbf70bc-5345-46c3-93d6-ad759050aa5f' with name 'vitis-run_compile_fitness_hls'
12/30/25 18:50:07: SYSTEM_DIAGRAM: closing session for UUID 'ffbf70bc-5345-46c3-93d6-ad759050aa5f' with name 'vitis-run_compile_fitness_hls'
12/30/25 18:50:07: STOP_SERVER received, server token: 617801a0-b325-4b79-86b6-f08a947d35ae, passed token: 617801a0-b325-4b79-86b6-f08a947d35ae
12/30/25 18:50:07: Socket received request to stop server.
12/30/25 18:50:07: Dispatch Server: do_await_stop
12/30/25 18:50:07: SERVER: destructor for server bound to port 53783
12/30/25 19:08:29: Running xcd server. This server was built by gradle.
12/30/25 19:08:29: Server was asked to start on port: '50282'
12/30/25 19:08:29: Server is using token UUID: 'd1bfb46a-ffbc-4238-9d50-81397499a29e'
12/30/25 19:08:29: SESSION_MGR: creating session with session uuid: '6d04a3e9-ade5-4ab9-8d63-1f78fcd2ec76' and name 'default'
12/30/25 19:08:29: Attempting to start server on port '50282'
12/30/25 19:08:29: Running Dispatch Server
12/30/25 19:08:29: Version 2.2.0
12/30/25 19:08:29: Dispatch Server: Accepted socket connection from client
12/30/25 19:08:29: Starting Socket connection
12/30/25 19:08:29: EXCHANGE_TOKEN received, server token: d1bfb46a-ffbc-4238-9d50-81397499a29e, passed token: d1bfb46a-ffbc-4238-9d50-81397499a29e
12/30/25 19:08:30: DISPATCH_HANDLER: Adding handler from function makeHandler in library xv_system_diagram
12/30/25 19:08:30: SESSION_MGR: creating session with session uuid: '54f61334-1ce0-4ad0-b95d-bdfd21764d96' and name 'vitis-run_compile_fitness_hls'
12/30/25 19:08:30: KERNEL_SVC: creating session with uuid: '54f61334-1ce0-4ad0-b95d-bdfd21764d96' and name 'vitis-run_compile_fitness_hls'
12/30/25 19:08:30: GUIDANCE_SMGR: creating guidance session with uuid: '54f61334-1ce0-4ad0-b95d-bdfd21764d96' and name 'vitis-run_compile_fitness_hls'
12/30/25 19:08:30: SYSTEM_DIAGRAM: creating session with uuid: '54f61334-1ce0-4ad0-b95d-bdfd21764d96' and name 'vitis-run_compile_fitness_hls'
12/30/25 19:08:42: Dispatch Server: Accepted socket connection from client
12/30/25 19:08:42: Starting Socket connection
12/30/25 19:09:03: SESSION_MGR: closing session for UUID '54f61334-1ce0-4ad0-b95d-bdfd21764d96' with name 'vitis-run_compile_fitness_hls'
12/30/25 19:09:03: KERNEL_SVC: closing session for UUID '54f61334-1ce0-4ad0-b95d-bdfd21764d96' with name 'vitis-run_compile_fitness_hls'
12/30/25 19:09:03: GUIDANCE_SMGR: closing session for UUID '54f61334-1ce0-4ad0-b95d-bdfd21764d96' with name 'vitis-run_compile_fitness_hls'
12/30/25 19:09:03: SYSTEM_DIAGRAM: closing session for UUID '54f61334-1ce0-4ad0-b95d-bdfd21764d96' with name 'vitis-run_compile_fitness_hls'
12/30/25 19:09:03: STOP_SERVER received, server token: d1bfb46a-ffbc-4238-9d50-81397499a29e, passed token: d1bfb46a-ffbc-4238-9d50-81397499a29e
12/30/25 19:09:03: Socket received request to stop server.
12/30/25 19:09:03: Dispatch Server: do_await_stop
12/30/25 19:09:03: SERVER: destructor for server bound to port 50282
