D:\FPGA\fitness_function\fitness_hls\fitness_hls\hls\.autopilot\db\tb_fitness.pp.0.cpp:36266:5: warning: Added loop label VITIS_LOOP_676_1:   [xilinx-label-all-loops]
    for (unsigned i = low; i != high+1; ++i) {
    ^~~
    VITIS_LOOP_676_1: 
D:\FPGA\fitness_function\fitness_hls\fitness_hls\hls\.autopilot\db\tb_fitness.pp.0.cpp:36266:5: note: FIX-IT applied suggested code changes
D:\FPGA\fitness_function\fitness_hls\fitness_hls\hls\.autopilot\db\tb_fitness.pp.0.cpp:36280:5: warning: Added loop label VITIS_LOOP_690_1:   [xilinx-label-all-loops]
    for (unsigned i = low; i != high+1; ++i) {
    ^~~
    VITIS_LOOP_690_1: 
D:\FPGA\fitness_function\fitness_hls\fitness_hls\hls\.autopilot\db\tb_fitness.pp.0.cpp:36280:5: note: FIX-IT applied suggested code changes
D:\FPGA\fitness_function\fitness_hls\fitness_hls\hls\.autopilot\db\tb_fitness.pp.0.cpp:36294:5: warning: Added loop label VITIS_LOOP_704_1:   [xilinx-label-all-loops]
    for (unsigned i = low; i != high+1; ++i) {
    ^~~
    VITIS_LOOP_704_1: 
D:\FPGA\fitness_function\fitness_hls\fitness_hls\hls\.autopilot\db\tb_fitness.pp.0.cpp:36294:5: note: FIX-IT applied suggested code changes
D:\FPGA\fitness_function\fitness_hls\fitness_hls\hls\.autopilot\db\tb_fitness.pp.0.cpp:37928:7: warning: Added loop label VITIS_LOOP_1248_1:   [xilinx-label-all-loops]
      for (i = 0; i < __N - 1; ++i) {
      ^~~
      VITIS_LOOP_1248_1: 
D:\FPGA\fitness_function\fitness_hls\fitness_hls\hls\.autopilot\db\tb_fitness.pp.0.cpp:37928:7: note: FIX-IT applied suggested code changes
D:\FPGA\fitness_function\fitness_hls\fitness_hls\hls\.autopilot\db\tb_fitness.pp.0.cpp:39756:5: warning: Added loop label VITIS_LOOP_26_1:   [xilinx-label-all-loops]
    for (int bit = 0; bit < 32; bit++) {
    ^~~
    VITIS_LOOP_26_1: 
D:\FPGA\fitness_function\fitness_hls\fitness_hls\hls\.autopilot\db\tb_fitness.pp.0.cpp:39756:5: note: FIX-IT applied suggested code changes
D:\FPGA\fitness_function\fitness_hls\fitness_hls\hls\.autopilot\db\tb_fitness.pp.0.cpp:39781:5: warning: Added loop label VITIS_LOOP_51_1:   [xilinx-label-all-loops]
    for (int chunk = 0; chunk < num_chunks; chunk++) {
    ^~~
    VITIS_LOOP_51_1: 
D:\FPGA\fitness_function\fitness_hls\fitness_hls\hls\.autopilot\db\tb_fitness.pp.0.cpp:39781:5: note: FIX-IT applied suggested code changes
D:\FPGA\fitness_function\fitness_hls\fitness_hls\hls\.autopilot\db\tb_fitness.pp.0.cpp:39784:9: warning: Added loop label VITIS_LOOP_54_2:   [xilinx-label-all-loops]
        for (int bit = 0; bit < 32; bit++) {
        ^~~
        VITIS_LOOP_54_2: 
D:\FPGA\fitness_function\fitness_hls\fitness_hls\hls\.autopilot\db\tb_fitness.pp.0.cpp:39784:9: note: FIX-IT applied suggested code changes
D:\FPGA\fitness_function\fitness_hls\fitness_hls\hls\.autopilot\db\tb_fitness.pp.0.cpp:39790:17: warning: Added loop label VITIS_LOOP_60_3:   [xilinx-label-all-loops]
                for (int d = 0; d < dim; d++) {
                ^~~
                VITIS_LOOP_60_3: 
D:\FPGA\fitness_function\fitness_hls\fitness_hls\hls\.autopilot\db\tb_fitness.pp.0.cpp:39790:17: note: FIX-IT applied suggested code changes
D:\FPGA\fitness_function\fitness_hls\fitness_hls\hls\.autopilot\db\tb_fitness.pp.0.cpp:39800:5: warning: Added loop label VITIS_LOOP_70_4:   [xilinx-label-all-loops]
    for (int d = 0; d < dim; d++) {
    ^~~
    VITIS_LOOP_70_4: 
D:\FPGA\fitness_function\fitness_hls\fitness_hls\hls\.autopilot\db\tb_fitness.pp.0.cpp:39800:5: note: FIX-IT applied suggested code changes
D:\FPGA\fitness_function\fitness_hls\fitness_hls\hls\.autopilot\db\tb_fitness.pp.0.cpp:39835:5: warning: Added loop label VITIS_LOOP_105_1:   [xilinx-label-all-loops]
    for (int i = 0; i < chromo_len * dim; i++) {
    ^~~
    VITIS_LOOP_105_1: 
D:\FPGA\fitness_function\fitness_hls\fitness_hls\hls\.autopilot\db\tb_fitness.pp.0.cpp:39835:5: note: FIX-IT applied suggested code changes
D:\FPGA\fitness_function\fitness_hls\fitness_hls\hls\.autopilot\db\tb_fitness.pp.0.cpp:39841:5: warning: Added loop label VITIS_LOOP_111_2:   [xilinx-label-all-loops]
    for (int bat = 0; bat < num_bats; bat++) {
    ^~~
    VITIS_LOOP_111_2: 
D:\FPGA\fitness_function\fitness_hls\fitness_hls\hls\.autopilot\db\tb_fitness.pp.0.cpp:39841:5: note: FIX-IT applied suggested code changes
D:\FPGA\fitness_function\fitness_hls\fitness_hls\hls\.autopilot\db\tb_fitness.pp.0.cpp:39842:9: warning: Added loop label VITIS_LOOP_112_3:   [xilinx-label-all-loops]
        for (int i = 0; i < num_chunks; i++) {
        ^~~
        VITIS_LOOP_112_3: 
D:\FPGA\fitness_function\fitness_hls\fitness_hls\hls\.autopilot\db\tb_fitness.pp.0.cpp:39842:9: note: FIX-IT applied suggested code changes
D:\FPGA\fitness_function\fitness_hls\fitness_hls\hls\.autopilot\db\tb_fitness.pp.0.cpp:39876:5: warning: Added loop label VITIS_LOOP_146_4:   [xilinx-label-all-loops]
    for (size_t i = 0; i < chromosome_data.size(); i++) {
    ^~~
    VITIS_LOOP_146_4: 
D:\FPGA\fitness_function\fitness_hls\fitness_hls\hls\.autopilot\db\tb_fitness.pp.0.cpp:39876:5: note: FIX-IT applied suggested code changes
D:\FPGA\fitness_function\fitness_hls\fitness_hls\hls\.autopilot\db\tb_fitness.pp.0.cpp:39901:5: warning: Added loop label VITIS_LOOP_171_5:   [xilinx-label-all-loops]
    while (!result_stream.empty()) {
    ^~~~~
    VITIS_LOOP_171_5: 
D:\FPGA\fitness_function\fitness_hls\fitness_hls\hls\.autopilot\db\tb_fitness.pp.0.cpp:39901:5: note: FIX-IT applied suggested code changes
